[8.845s] DEBUG:colcon:Command line arguments: ['/usr/bin/colcon', 'build', '--symlink-install']
[8.845s] DEBUG:colcon:Parsed command line arguments: Namespace(ament_cmake_args=None, base_paths=['.'], build_base='build', catkin_cmake_args=None, catkin_skip_building_tests=False, cmake_args=None, cmake_clean_cache=False, cmake_clean_first=False, cmake_force_configure=False, cmake_target=None, cmake_target_skip_unavailable=False, continue_on_error=False, event_handlers=None, executor='parallel', ignore_user_meta=False, install_base='install', log_base=None, log_level=None, main=<bound method BuildVerb.main of <colcon_core.verb.build.BuildVerb object at 0x7f958f03a0>>, merge_install=False, metas=['./colcon.meta'], packages_above=None, packages_above_and_dependencies=None, packages_above_depth=None, packages_end=None, packages_ignore=None, packages_ignore_regex=None, packages_select=None, packages_select_build_failed=False, packages_select_by_dep=None, packages_select_regex=None, packages_select_test_failures=False, packages_skip=None, packages_skip_build_finished=False, packages_skip_by_dep=None, packages_skip_regex=None, packages_skip_test_passed=False, packages_skip_up_to=None, packages_start=None, packages_up_to=None, packages_up_to_regex=None, parallel_workers=4, paths=None, symlink_install=True, test_result_base=None, verb_extension=<colcon_core.verb.build.BuildVerb object at 0x7f958f03a0>, verb_name='build', verb_parser=<colcon_defaults.argument_parser.defaults.DefaultArgumentsDecorator object at 0x7f9557dac0>)
[9.224s] Level 1:colcon.colcon_core.package_discovery:discover_packages(colcon_meta) check parameters
[9.224s] Level 1:colcon.colcon_core.package_discovery:discover_packages(recursive) check parameters
[9.225s] Level 1:colcon.colcon_core.package_discovery:discover_packages(ignore) check parameters
[9.225s] Level 1:colcon.colcon_core.package_discovery:discover_packages(path) check parameters
[9.225s] Level 1:colcon.colcon_core.package_discovery:discover_packages(colcon_meta) discover
[9.225s] Level 1:colcon.colcon_core.package_discovery:discover_packages(recursive) discover
[9.225s] INFO:colcon.colcon_core.package_discovery:Crawling recursively for packages in '/data/robot-radar/ydlidar_ros2_ws'
[9.226s] Level 1:colcon.colcon_core.package_identification:_identify(.) by extensions ['ignore', 'ignore_ament_install']
[9.226s] Level 1:colcon.colcon_core.package_identification:_identify(.) by extension 'ignore'
[9.226s] Level 1:colcon.colcon_core.package_identification:_identify(.) by extension 'ignore_ament_install'
[9.226s] Level 1:colcon.colcon_core.package_identification:_identify(.) by extensions ['colcon_pkg']
[9.227s] Level 1:colcon.colcon_core.package_identification:_identify(.) by extension 'colcon_pkg'
[9.227s] Level 1:colcon.colcon_core.package_identification:_identify(.) by extensions ['colcon_meta']
[9.227s] Level 1:colcon.colcon_core.package_identification:_identify(.) by extension 'colcon_meta'
[9.227s] Level 1:colcon.colcon_core.package_identification:_identify(.) by extensions ['ros']
[9.227s] Level 1:colcon.colcon_core.package_identification:_identify(.) by extension 'ros'
[9.289s] Level 1:colcon.colcon_core.package_identification:_identify(.) by extensions ['cmake', 'python']
[9.289s] Level 1:colcon.colcon_core.package_identification:_identify(.) by extension 'cmake'
[9.289s] Level 1:colcon.colcon_core.package_identification:_identify(.) by extension 'python'
[9.289s] Level 1:colcon.colcon_core.package_identification:_identify(.) by extensions ['python_setup_py']
[9.289s] Level 1:colcon.colcon_core.package_identification:_identify(.) by extension 'python_setup_py'
[9.290s] Level 1:colcon.colcon_core.package_identification:_identify(build) by extensions ['ignore', 'ignore_ament_install']
[9.290s] Level 1:colcon.colcon_core.package_identification:_identify(build) by extension 'ignore'
[9.290s] Level 1:colcon.colcon_core.package_identification:_identify(build) ignored
[9.291s] Level 1:colcon.colcon_core.package_identification:_identify(install) by extensions ['ignore', 'ignore_ament_install']
[9.291s] Level 1:colcon.colcon_core.package_identification:_identify(install) by extension 'ignore'
[9.291s] Level 1:colcon.colcon_core.package_identification:_identify(install) ignored
[9.292s] Level 1:colcon.colcon_core.package_identification:_identify(log) by extensions ['ignore', 'ignore_ament_install']
[9.292s] Level 1:colcon.colcon_core.package_identification:_identify(log) by extension 'ignore'
[9.292s] Level 1:colcon.colcon_core.package_identification:_identify(log) ignored
[9.293s] Level 1:colcon.colcon_core.package_identification:_identify(src) by extensions ['ignore', 'ignore_ament_install']
[9.293s] Level 1:colcon.colcon_core.package_identification:_identify(src) by extension 'ignore'
[9.293s] Level 1:colcon.colcon_core.package_identification:_identify(src) by extension 'ignore_ament_install'
[9.293s] Level 1:colcon.colcon_core.package_identification:_identify(src) by extensions ['colcon_pkg']
[9.293s] Level 1:colcon.colcon_core.package_identification:_identify(src) by extension 'colcon_pkg'
[9.294s] Level 1:colcon.colcon_core.package_identification:_identify(src) by extensions ['colcon_meta']
[9.294s] Level 1:colcon.colcon_core.package_identification:_identify(src) by extension 'colcon_meta'
[9.294s] Level 1:colcon.colcon_core.package_identification:_identify(src) by extensions ['ros']
[9.294s] Level 1:colcon.colcon_core.package_identification:_identify(src) by extension 'ros'
[9.294s] Level 1:colcon.colcon_core.package_identification:_identify(src) by extensions ['cmake', 'python']
[9.295s] Level 1:colcon.colcon_core.package_identification:_identify(src) by extension 'cmake'
[9.295s] Level 1:colcon.colcon_core.package_identification:_identify(src) by extension 'python'
[9.295s] Level 1:colcon.colcon_core.package_identification:_identify(src) by extensions ['python_setup_py']
[9.295s] Level 1:colcon.colcon_core.package_identification:_identify(src) by extension 'python_setup_py'
[9.295s] Level 1:colcon.colcon_core.package_identification:_identify(src/ydlidar_ros2_driver) by extensions ['ignore', 'ignore_ament_install']
[9.296s] Level 1:colcon.colcon_core.package_identification:_identify(src/ydlidar_ros2_driver) by extension 'ignore'
[9.296s] Level 1:colcon.colcon_core.package_identification:_identify(src/ydlidar_ros2_driver) by extension 'ignore_ament_install'
[9.296s] Level 1:colcon.colcon_core.package_identification:_identify(src/ydlidar_ros2_driver) by extensions ['colcon_pkg']
[9.296s] Level 1:colcon.colcon_core.package_identification:_identify(src/ydlidar_ros2_driver) by extension 'colcon_pkg'
[9.297s] Level 1:colcon.colcon_core.package_identification:_identify(src/ydlidar_ros2_driver) by extensions ['colcon_meta']
[9.297s] Level 1:colcon.colcon_core.package_identification:_identify(src/ydlidar_ros2_driver) by extension 'colcon_meta'
[9.297s] Level 1:colcon.colcon_core.package_identification:_identify(src/ydlidar_ros2_driver) by extensions ['ros']
[9.297s] Level 1:colcon.colcon_core.package_identification:_identify(src/ydlidar_ros2_driver) by extension 'ros'
[9.307s] DEBUG:colcon.colcon_core.package_identification:Package 'src/ydlidar_ros2_driver' with type 'ros.ament_cmake' and name 'ydlidar_ros2_driver'
[9.307s] Level 1:colcon.colcon_core.package_discovery:discover_packages(recursive) using defaults
[9.307s] Level 1:colcon.colcon_core.package_discovery:discover_packages(ignore) discover
[9.307s] Level 1:colcon.colcon_core.package_discovery:discover_packages(ignore) using defaults
[9.308s] Level 1:colcon.colcon_core.package_discovery:discover_packages(path) discover
[9.308s] Level 1:colcon.colcon_core.package_discovery:discover_packages(path) using defaults
[9.562s] Level 5:colcon.colcon_core.verb:set package 'ydlidar_ros2_driver' build argument 'cmake_args' from command line to 'None'
[9.562s] Level 5:colcon.colcon_core.verb:set package 'ydlidar_ros2_driver' build argument 'cmake_target' from command line to 'None'
[9.562s] Level 5:colcon.colcon_core.verb:set package 'ydlidar_ros2_driver' build argument 'cmake_target_skip_unavailable' from command line to 'False'
[9.562s] Level 5:colcon.colcon_core.verb:set package 'ydlidar_ros2_driver' build argument 'cmake_clean_cache' from command line to 'False'
[9.563s] Level 5:colcon.colcon_core.verb:set package 'ydlidar_ros2_driver' build argument 'cmake_clean_first' from command line to 'False'
[9.563s] Level 5:colcon.colcon_core.verb:set package 'ydlidar_ros2_driver' build argument 'cmake_force_configure' from command line to 'False'
[9.563s] Level 5:colcon.colcon_core.verb:set package 'ydlidar_ros2_driver' build argument 'ament_cmake_args' from command line to 'None'
[9.563s] Level 5:colcon.colcon_core.verb:set package 'ydlidar_ros2_driver' build argument 'catkin_cmake_args' from command line to 'None'
[9.563s] Level 5:colcon.colcon_core.verb:set package 'ydlidar_ros2_driver' build argument 'catkin_skip_building_tests' from command line to 'False'
[9.563s] DEBUG:colcon.colcon_core.verb:Building package 'ydlidar_ros2_driver' with the following arguments: {'ament_cmake_args': None, 'build_base': '/data/robot-radar/ydlidar_ros2_ws/build/ydlidar_ros2_driver', 'catkin_cmake_args': None, 'catkin_skip_building_tests': False, 'cmake_args': None, 'cmake_clean_cache': False, 'cmake_clean_first': False, 'cmake_force_configure': False, 'cmake_target': None, 'cmake_target_skip_unavailable': False, 'install_base': '/data/robot-radar/ydlidar_ros2_ws/install/ydlidar_ros2_driver', 'merge_install': False, 'path': '/data/robot-radar/ydlidar_ros2_ws/src/ydlidar_ros2_driver', 'symlink_install': True, 'test_result_base': None}
[9.609s] INFO:colcon.colcon_core.executor:Executing jobs using 'parallel' executor
[9.659s] DEBUG:colcon.colcon_parallel_executor.executor.parallel:run_until_complete
[9.660s] INFO:colcon.colcon_ros.task.ament_cmake.build:Building ROS package in '/data/robot-radar/ydlidar_ros2_ws/src/ydlidar_ros2_driver' with build type 'ament_cmake'
[9.661s] INFO:colcon.colcon_cmake.task.cmake.build:Building CMake package in '/data/robot-radar/ydlidar_ros2_ws/src/ydlidar_ros2_driver'
[9.712s] INFO:colcon.colcon_core.plugin_system:Skipping extension 'colcon_core.shell.bat': Not used on non-Windows systems
[9.713s] INFO:colcon.colcon_core.shell:Skip shell extension 'powershell' for command environment: Not usable outside of PowerShell
[9.714s] DEBUG:colcon.colcon_core.shell:Skip shell extension 'dsv' for command environment
[9.859s] DEBUG:colcon.colcon_core.event_handler.log_command:Invoking command in '/data/robot-radar/ydlidar_ros2_ws/build/ydlidar_ros2_driver': /usr/local/bin/cmake /data/robot-radar/ydlidar_ros2_ws/src/ydlidar_ros2_driver -DAMENT_CMAKE_SYMLINK_INSTALL=1 -DCMAKE_INSTALL_PREFIX=/data/robot-radar/ydlidar_ros2_ws/install/ydlidar_ros2_driver
[14.084s] DEBUG:colcon.colcon_core.event_handler.log_command:Invoked command in '/data/robot-radar/ydlidar_ros2_ws/build/ydlidar_ros2_driver' returned '0': /usr/local/bin/cmake /data/robot-radar/ydlidar_ros2_ws/src/ydlidar_ros2_driver -DAMENT_CMAKE_SYMLINK_INSTALL=1 -DCMAKE_INSTALL_PREFIX=/data/robot-radar/ydlidar_ros2_ws/install/ydlidar_ros2_driver
[14.092s] DEBUG:colcon.colcon_core.event_handler.log_command:Invoking command in '/data/robot-radar/ydlidar_ros2_ws/build/ydlidar_ros2_driver': /usr/local/bin/cmake --build /data/robot-radar/ydlidar_ros2_ws/build/ydlidar_ros2_driver -- -j4 -l4
[35.109s] DEBUG:colcon.colcon_core.event_handler.log_command:Invoked command in '/data/robot-radar/ydlidar_ros2_ws/build/ydlidar_ros2_driver' returned '0': /usr/local/bin/cmake --build /data/robot-radar/ydlidar_ros2_ws/build/ydlidar_ros2_driver -- -j4 -l4
[35.396s] DEBUG:colcon.colcon_core.event_handler.log_command:Invoking command in '/data/robot-radar/ydlidar_ros2_ws/build/ydlidar_ros2_driver': /usr/local/bin/cmake --install /data/robot-radar/ydlidar_ros2_ws/build/ydlidar_ros2_driver
[35.797s] Level 1:colcon.colcon_core.environment:create_environment_scripts_only(ydlidar_ros2_driver)
[35.798s] DEBUG:colcon.colcon_core.event_handler.log_command:Invoked command in '/data/robot-radar/ydlidar_ros2_ws/build/ydlidar_ros2_driver' returned '0': /usr/local/bin/cmake --install /data/robot-radar/ydlidar_ros2_ws/build/ydlidar_ros2_driver
[35.854s] Level 1:colcon.colcon_core.environment:checking '/data/robot-radar/ydlidar_ros2_ws/install/ydlidar_ros2_driver' for CMake module files
[35.857s] Level 1:colcon.colcon_core.environment:checking '/data/robot-radar/ydlidar_ros2_ws/install/ydlidar_ros2_driver' for CMake config files
[35.859s] Level 1:colcon.colcon_core.shell:create_environment_hook('ydlidar_ros2_driver', 'cmake_prefix_path')
[35.906s] INFO:colcon.colcon_core.shell:Creating environment hook '/data/robot-radar/ydlidar_ros2_ws/install/ydlidar_ros2_driver/share/ydlidar_ros2_driver/hook/cmake_prefix_path.ps1'
[35.911s] INFO:colcon.colcon_core.shell:Creating environment descriptor '/data/robot-radar/ydlidar_ros2_ws/install/ydlidar_ros2_driver/share/ydlidar_ros2_driver/hook/cmake_prefix_path.dsv'
[35.913s] INFO:colcon.colcon_core.shell:Creating environment hook '/data/robot-radar/ydlidar_ros2_ws/install/ydlidar_ros2_driver/share/ydlidar_ros2_driver/hook/cmake_prefix_path.sh'
[35.916s] Level 1:colcon.colcon_core.environment:checking '/data/robot-radar/ydlidar_ros2_ws/install/ydlidar_ros2_driver/lib'
[35.917s] Level 1:colcon.colcon_core.environment:checking '/data/robot-radar/ydlidar_ros2_ws/install/ydlidar_ros2_driver/bin'
[35.917s] Level 1:colcon.colcon_core.environment:checking '/data/robot-radar/ydlidar_ros2_ws/install/ydlidar_ros2_driver/lib/pkgconfig/ydlidar_ros2_driver.pc'
[35.920s] Level 1:colcon.colcon_core.environment:checking '/data/robot-radar/ydlidar_ros2_ws/install/ydlidar_ros2_driver/lib/python3.8/site-packages'
[35.921s] Level 1:colcon.colcon_core.environment:checking '/data/robot-radar/ydlidar_ros2_ws/install/ydlidar_ros2_driver/bin'
[35.968s] INFO:colcon.colcon_core.shell:Creating package script '/data/robot-radar/ydlidar_ros2_ws/install/ydlidar_ros2_driver/share/ydlidar_ros2_driver/package.ps1'
[35.971s] INFO:colcon.colcon_core.shell:Creating package descriptor '/data/robot-radar/ydlidar_ros2_ws/install/ydlidar_ros2_driver/share/ydlidar_ros2_driver/package.dsv'
[35.974s] INFO:colcon.colcon_core.shell:Creating package script '/data/robot-radar/ydlidar_ros2_ws/install/ydlidar_ros2_driver/share/ydlidar_ros2_driver/package.sh'
[35.976s] INFO:colcon.colcon_core.shell:Creating package script '/data/robot-radar/ydlidar_ros2_ws/install/ydlidar_ros2_driver/share/ydlidar_ros2_driver/package.bash'
[35.979s] INFO:colcon.colcon_core.shell:Creating package script '/data/robot-radar/ydlidar_ros2_ws/install/ydlidar_ros2_driver/share/ydlidar_ros2_driver/package.zsh'
[35.982s] Level 1:colcon.colcon_core.environment:create_file_with_runtime_dependencies(/data/robot-radar/ydlidar_ros2_ws/install/ydlidar_ros2_driver/share/colcon-core/packages/ydlidar_ros2_driver)
[36.190s] Level 1:colcon.colcon_core.environment:create_environment_scripts_only(ydlidar_ros2_driver)
[36.236s] Level 1:colcon.colcon_core.environment:checking '/data/robot-radar/ydlidar_ros2_ws/install/ydlidar_ros2_driver' for CMake module files
[36.239s] Level 1:colcon.colcon_core.environment:checking '/data/robot-radar/ydlidar_ros2_ws/install/ydlidar_ros2_driver' for CMake config files
[36.241s] Level 1:colcon.colcon_core.shell:create_environment_hook('ydlidar_ros2_driver', 'cmake_prefix_path')
[36.287s] INFO:colcon.colcon_core.shell:Creating environment hook '/data/robot-radar/ydlidar_ros2_ws/install/ydlidar_ros2_driver/share/ydlidar_ros2_driver/hook/cmake_prefix_path.ps1'
[36.290s] INFO:colcon.colcon_core.shell:Creating environment descriptor '/data/robot-radar/ydlidar_ros2_ws/install/ydlidar_ros2_driver/share/ydlidar_ros2_driver/hook/cmake_prefix_path.dsv'
[36.292s] INFO:colcon.colcon_core.shell:Creating environment hook '/data/robot-radar/ydlidar_ros2_ws/install/ydlidar_ros2_driver/share/ydlidar_ros2_driver/hook/cmake_prefix_path.sh'
[36.294s] Level 1:colcon.colcon_core.environment:checking '/data/robot-radar/ydlidar_ros2_ws/install/ydlidar_ros2_driver/lib'
[36.294s] Level 1:colcon.colcon_core.environment:checking '/data/robot-radar/ydlidar_ros2_ws/install/ydlidar_ros2_driver/bin'
[36.294s] Level 1:colcon.colcon_core.environment:checking '/data/robot-radar/ydlidar_ros2_ws/install/ydlidar_ros2_driver/lib/pkgconfig/ydlidar_ros2_driver.pc'
[36.295s] Level 1:colcon.colcon_core.environment:checking '/data/robot-radar/ydlidar_ros2_ws/install/ydlidar_ros2_driver/lib/python3.8/site-packages'
[36.296s] Level 1:colcon.colcon_core.environment:checking '/data/robot-radar/ydlidar_ros2_ws/install/ydlidar_ros2_driver/bin'
[36.342s] INFO:colcon.colcon_core.shell:Creating package script '/data/robot-radar/ydlidar_ros2_ws/install/ydlidar_ros2_driver/share/ydlidar_ros2_driver/package.ps1'
[36.344s] INFO:colcon.colcon_core.shell:Creating package descriptor '/data/robot-radar/ydlidar_ros2_ws/install/ydlidar_ros2_driver/share/ydlidar_ros2_driver/package.dsv'
[36.346s] INFO:colcon.colcon_core.shell:Creating package script '/data/robot-radar/ydlidar_ros2_ws/install/ydlidar_ros2_driver/share/ydlidar_ros2_driver/package.sh'
[36.348s] INFO:colcon.colcon_core.shell:Creating package script '/data/robot-radar/ydlidar_ros2_ws/install/ydlidar_ros2_driver/share/ydlidar_ros2_driver/package.bash'
[36.349s] INFO:colcon.colcon_core.shell:Creating package script '/data/robot-radar/ydlidar_ros2_ws/install/ydlidar_ros2_driver/share/ydlidar_ros2_driver/package.zsh'
[36.351s] Level 1:colcon.colcon_core.environment:create_file_with_runtime_dependencies(/data/robot-radar/ydlidar_ros2_ws/install/ydlidar_ros2_driver/share/colcon-core/packages/ydlidar_ros2_driver)
[36.352s] DEBUG:colcon.colcon_parallel_executor.executor.parallel:closing loop
[36.353s] DEBUG:colcon.colcon_parallel_executor.executor.parallel:loop closed
[36.353s] DEBUG:colcon.colcon_parallel_executor.executor.parallel:run_until_complete finished with '0'
[36.353s] DEBUG:colcon.colcon_core.event_reactor:joining thread
[36.427s] INFO:colcon.colcon_core.plugin_system:Skipping extension 'colcon_notification.desktop_notification.notify_send': Could not find 'notify-send'
[36.427s] INFO:colcon.colcon_core.plugin_system:Skipping extension 'colcon_notification.desktop_notification.terminal_notifier': Not used on non-Darwin systems
[36.428s] INFO:colcon.colcon_core.plugin_system:Skipping extension 'colcon_notification.desktop_notification.win32': Not used on non-Windows systems
[36.428s] INFO:colcon.colcon_notification.desktop_notification:Sending desktop notification using 'notify2'
[36.470s] DEBUG:colcon.colcon_notification.desktop_notification.notify2:Failed to initialize notify2: org.freedesktop.DBus.Error.Spawn.ExecFailed: /usr/bin/dbus-launch terminated abnormally with the following error: MoTTY X11 proxy: Unsupported authorisation protocol
Autolaunch error: X11 initialization failed.

[36.470s] DEBUG:colcon.colcon_core.event_reactor:joined thread
[36.520s] INFO:colcon.colcon_core.shell:Creating prefix script '/data/robot-radar/ydlidar_ros2_ws/install/local_setup.ps1'
[36.523s] INFO:colcon.colcon_core.shell:Creating prefix util module '/data/robot-radar/ydlidar_ros2_ws/install/_local_setup_util_ps1.py'
[36.529s] INFO:colcon.colcon_core.shell:Creating prefix chain script '/data/robot-radar/ydlidar_ros2_ws/install/setup.ps1'
[36.578s] INFO:colcon.colcon_core.shell:Creating prefix script '/data/robot-radar/ydlidar_ros2_ws/install/local_setup.sh'
[36.580s] INFO:colcon.colcon_core.shell:Creating prefix util module '/data/robot-radar/ydlidar_ros2_ws/install/_local_setup_util_sh.py'
[36.582s] INFO:colcon.colcon_core.shell:Creating prefix chain script '/data/robot-radar/ydlidar_ros2_ws/install/setup.sh'
[36.631s] INFO:colcon.colcon_core.shell:Creating prefix script '/data/robot-radar/ydlidar_ros2_ws/install/local_setup.bash'
[36.632s] INFO:colcon.colcon_core.shell:Creating prefix chain script '/data/robot-radar/ydlidar_ros2_ws/install/setup.bash'
[36.681s] INFO:colcon.colcon_core.shell:Creating prefix script '/data/robot-radar/ydlidar_ros2_ws/install/local_setup.zsh'
[36.683s] INFO:colcon.colcon_core.shell:Creating prefix chain script '/data/robot-radar/ydlidar_ros2_ws/install/setup.zsh'
