[8.813s] DEBUG:colcon:Command line arguments: ['/usr/bin/colcon', 'build', '--symlink-install']
[8.813s] DEBUG:colcon:Parsed command line arguments: Namespace(ament_cmake_args=None, base_paths=['.'], build_base='build', catkin_cmake_args=None, catkin_skip_building_tests=False, cmake_args=None, cmake_clean_cache=False, cmake_clean_first=False, cmake_force_configure=False, cmake_target=None, cmake_target_skip_unavailable=False, continue_on_error=False, event_handlers=None, executor='parallel', ignore_user_meta=False, install_base='install', log_base=None, log_level=None, main=<bound method BuildVerb.main of <colcon_core.verb.build.BuildVerb object at 0x7fa734e3a0>>, merge_install=False, metas=['./colcon.meta'], packages_above=None, packages_above_and_dependencies=None, packages_above_depth=None, packages_end=None, packages_ignore=None, packages_ignore_regex=None, packages_select=None, packages_select_build_failed=False, packages_select_by_dep=None, packages_select_regex=None, packages_select_test_failures=False, packages_skip=None, packages_skip_build_finished=False, packages_skip_by_dep=None, packages_skip_regex=None, packages_skip_test_passed=False, packages_skip_up_to=None, packages_start=None, packages_up_to=None, packages_up_to_regex=None, parallel_workers=4, paths=None, symlink_install=True, test_result_base=None, verb_extension=<colcon_core.verb.build.BuildVerb object at 0x7fa734e3a0>, verb_name='build', verb_parser=<colcon_defaults.argument_parser.defaults.DefaultArgumentsDecorator object at 0x7fa6f6adf0>)
[9.197s] Level 1:colcon.colcon_core.package_discovery:discover_packages(colcon_meta) check parameters
[9.198s] Level 1:colcon.colcon_core.package_discovery:discover_packages(recursive) check parameters
[9.198s] Level 1:colcon.colcon_core.package_discovery:discover_packages(ignore) check parameters
[9.198s] Level 1:colcon.colcon_core.package_discovery:discover_packages(path) check parameters
[9.198s] Level 1:colcon.colcon_core.package_discovery:discover_packages(colcon_meta) discover
[9.198s] Level 1:colcon.colcon_core.package_discovery:discover_packages(recursive) discover
[9.199s] INFO:colcon.colcon_core.package_discovery:Crawling recursively for packages in '/data/robot-radar/ydlidar_ros2_ws'
[9.199s] Level 1:colcon.colcon_core.package_identification:_identify(.) by extensions ['ignore', 'ignore_ament_install']
[9.199s] Level 1:colcon.colcon_core.package_identification:_identify(.) by extension 'ignore'
[9.199s] Level 1:colcon.colcon_core.package_identification:_identify(.) by extension 'ignore_ament_install'
[9.200s] Level 1:colcon.colcon_core.package_identification:_identify(.) by extensions ['colcon_pkg']
[9.200s] Level 1:colcon.colcon_core.package_identification:_identify(.) by extension 'colcon_pkg'
[9.200s] Level 1:colcon.colcon_core.package_identification:_identify(.) by extensions ['colcon_meta']
[9.200s] Level 1:colcon.colcon_core.package_identification:_identify(.) by extension 'colcon_meta'
[9.200s] Level 1:colcon.colcon_core.package_identification:_identify(.) by extensions ['ros']
[9.200s] Level 1:colcon.colcon_core.package_identification:_identify(.) by extension 'ros'
[9.262s] Level 1:colcon.colcon_core.package_identification:_identify(.) by extensions ['cmake', 'python']
[9.262s] Level 1:colcon.colcon_core.package_identification:_identify(.) by extension 'cmake'
[9.263s] Level 1:colcon.colcon_core.package_identification:_identify(.) by extension 'python'
[9.263s] Level 1:colcon.colcon_core.package_identification:_identify(.) by extensions ['python_setup_py']
[9.263s] Level 1:colcon.colcon_core.package_identification:_identify(.) by extension 'python_setup_py'
[9.263s] Level 1:colcon.colcon_core.package_identification:_identify(build) by extensions ['ignore', 'ignore_ament_install']
[9.264s] Level 1:colcon.colcon_core.package_identification:_identify(build) by extension 'ignore'
[9.264s] Level 1:colcon.colcon_core.package_identification:_identify(build) ignored
[9.264s] Level 1:colcon.colcon_core.package_identification:_identify(install) by extensions ['ignore', 'ignore_ament_install']
[9.265s] Level 1:colcon.colcon_core.package_identification:_identify(install) by extension 'ignore'
[9.265s] Level 1:colcon.colcon_core.package_identification:_identify(install) ignored
[9.266s] Level 1:colcon.colcon_core.package_identification:_identify(log) by extensions ['ignore', 'ignore_ament_install']
[9.266s] Level 1:colcon.colcon_core.package_identification:_identify(log) by extension 'ignore'
[9.266s] Level 1:colcon.colcon_core.package_identification:_identify(log) ignored
[9.267s] Level 1:colcon.colcon_core.package_identification:_identify(src) by extensions ['ignore', 'ignore_ament_install']
[9.267s] Level 1:colcon.colcon_core.package_identification:_identify(src) by extension 'ignore'
[9.267s] Level 1:colcon.colcon_core.package_identification:_identify(src) by extension 'ignore_ament_install'
[9.268s] Level 1:colcon.colcon_core.package_identification:_identify(src) by extensions ['colcon_pkg']
[9.268s] Level 1:colcon.colcon_core.package_identification:_identify(src) by extension 'colcon_pkg'
[9.268s] Level 1:colcon.colcon_core.package_identification:_identify(src) by extensions ['colcon_meta']
[9.268s] Level 1:colcon.colcon_core.package_identification:_identify(src) by extension 'colcon_meta'
[9.268s] Level 1:colcon.colcon_core.package_identification:_identify(src) by extensions ['ros']
[9.268s] Level 1:colcon.colcon_core.package_identification:_identify(src) by extension 'ros'
[9.269s] Level 1:colcon.colcon_core.package_identification:_identify(src) by extensions ['cmake', 'python']
[9.269s] Level 1:colcon.colcon_core.package_identification:_identify(src) by extension 'cmake'
[9.269s] Level 1:colcon.colcon_core.package_identification:_identify(src) by extension 'python'
[9.270s] Level 1:colcon.colcon_core.package_identification:_identify(src) by extensions ['python_setup_py']
[9.270s] Level 1:colcon.colcon_core.package_identification:_identify(src) by extension 'python_setup_py'
[9.270s] Level 1:colcon.colcon_core.package_identification:_identify(src/ydlidar_ros2_driver) by extensions ['ignore', 'ignore_ament_install']
[9.271s] Level 1:colcon.colcon_core.package_identification:_identify(src/ydlidar_ros2_driver) by extension 'ignore'
[9.271s] Level 1:colcon.colcon_core.package_identification:_identify(src/ydlidar_ros2_driver) by extension 'ignore_ament_install'
[9.271s] Level 1:colcon.colcon_core.package_identification:_identify(src/ydlidar_ros2_driver) by extensions ['colcon_pkg']
[9.271s] Level 1:colcon.colcon_core.package_identification:_identify(src/ydlidar_ros2_driver) by extension 'colcon_pkg'
[9.271s] Level 1:colcon.colcon_core.package_identification:_identify(src/ydlidar_ros2_driver) by extensions ['colcon_meta']
[9.271s] Level 1:colcon.colcon_core.package_identification:_identify(src/ydlidar_ros2_driver) by extension 'colcon_meta'
[9.272s] Level 1:colcon.colcon_core.package_identification:_identify(src/ydlidar_ros2_driver) by extensions ['ros']
[9.272s] Level 1:colcon.colcon_core.package_identification:_identify(src/ydlidar_ros2_driver) by extension 'ros'
[9.282s] DEBUG:colcon.colcon_core.package_identification:Package 'src/ydlidar_ros2_driver' with type 'ros.ament_cmake' and name 'ydlidar_ros2_driver'
[9.282s] Level 1:colcon.colcon_core.package_discovery:discover_packages(recursive) using defaults
[9.282s] Level 1:colcon.colcon_core.package_discovery:discover_packages(ignore) discover
[9.283s] Level 1:colcon.colcon_core.package_discovery:discover_packages(ignore) using defaults
[9.283s] Level 1:colcon.colcon_core.package_discovery:discover_packages(path) discover
[9.283s] Level 1:colcon.colcon_core.package_discovery:discover_packages(path) using defaults
[9.537s] Level 5:colcon.colcon_core.verb:set package 'ydlidar_ros2_driver' build argument 'cmake_args' from command line to 'None'
[9.538s] Level 5:colcon.colcon_core.verb:set package 'ydlidar_ros2_driver' build argument 'cmake_target' from command line to 'None'
[9.538s] Level 5:colcon.colcon_core.verb:set package 'ydlidar_ros2_driver' build argument 'cmake_target_skip_unavailable' from command line to 'False'
[9.538s] Level 5:colcon.colcon_core.verb:set package 'ydlidar_ros2_driver' build argument 'cmake_clean_cache' from command line to 'False'
[9.538s] Level 5:colcon.colcon_core.verb:set package 'ydlidar_ros2_driver' build argument 'cmake_clean_first' from command line to 'False'
[9.538s] Level 5:colcon.colcon_core.verb:set package 'ydlidar_ros2_driver' build argument 'cmake_force_configure' from command line to 'False'
[9.538s] Level 5:colcon.colcon_core.verb:set package 'ydlidar_ros2_driver' build argument 'ament_cmake_args' from command line to 'None'
[9.538s] Level 5:colcon.colcon_core.verb:set package 'ydlidar_ros2_driver' build argument 'catkin_cmake_args' from command line to 'None'
[9.538s] Level 5:colcon.colcon_core.verb:set package 'ydlidar_ros2_driver' build argument 'catkin_skip_building_tests' from command line to 'False'
[9.539s] DEBUG:colcon.colcon_core.verb:Building package 'ydlidar_ros2_driver' with the following arguments: {'ament_cmake_args': None, 'build_base': '/data/robot-radar/ydlidar_ros2_ws/build/ydlidar_ros2_driver', 'catkin_cmake_args': None, 'catkin_skip_building_tests': False, 'cmake_args': None, 'cmake_clean_cache': False, 'cmake_clean_first': False, 'cmake_force_configure': False, 'cmake_target': None, 'cmake_target_skip_unavailable': False, 'install_base': '/data/robot-radar/ydlidar_ros2_ws/install/ydlidar_ros2_driver', 'merge_install': False, 'path': '/data/robot-radar/ydlidar_ros2_ws/src/ydlidar_ros2_driver', 'symlink_install': True, 'test_result_base': None}
[9.584s] INFO:colcon.colcon_core.executor:Executing jobs using 'parallel' executor
[9.632s] DEBUG:colcon.colcon_parallel_executor.executor.parallel:run_until_complete
[9.632s] INFO:colcon.colcon_ros.task.ament_cmake.build:Building ROS package in '/data/robot-radar/ydlidar_ros2_ws/src/ydlidar_ros2_driver' with build type 'ament_cmake'
[9.633s] INFO:colcon.colcon_cmake.task.cmake.build:Building CMake package in '/data/robot-radar/ydlidar_ros2_ws/src/ydlidar_ros2_driver'
[9.685s] INFO:colcon.colcon_core.plugin_system:Skipping extension 'colcon_core.shell.bat': Not used on non-Windows systems
[9.686s] INFO:colcon.colcon_core.shell:Skip shell extension 'powershell' for command environment: Not usable outside of PowerShell
[9.686s] DEBUG:colcon.colcon_core.shell:Skip shell extension 'dsv' for command environment
[9.833s] DEBUG:colcon.colcon_core.event_handler.log_command:Invoking command in '/data/robot-radar/ydlidar_ros2_ws/build/ydlidar_ros2_driver': /usr/local/bin/cmake /data/robot-radar/ydlidar_ros2_ws/src/ydlidar_ros2_driver -DAMENT_CMAKE_SYMLINK_INSTALL=1 -DCMAKE_INSTALL_PREFIX=/data/robot-radar/ydlidar_ros2_ws/install/ydlidar_ros2_driver
[13.611s] DEBUG:colcon.colcon_core.event_handler.log_command:Invoked command in '/data/robot-radar/ydlidar_ros2_ws/build/ydlidar_ros2_driver' returned '1': /usr/local/bin/cmake /data/robot-radar/ydlidar_ros2_ws/src/ydlidar_ros2_driver -DAMENT_CMAKE_SYMLINK_INSTALL=1 -DCMAKE_INSTALL_PREFIX=/data/robot-radar/ydlidar_ros2_ws/install/ydlidar_ros2_driver
[13.735s] Level 1:colcon.colcon_core.environment:create_environment_scripts_only(ydlidar_ros2_driver)
[13.792s] Level 1:colcon.colcon_core.environment:checking '/data/robot-radar/ydlidar_ros2_ws/install/ydlidar_ros2_driver' for CMake module files
[13.794s] Level 1:colcon.colcon_core.environment:checking '/data/robot-radar/ydlidar_ros2_ws/install/ydlidar_ros2_driver' for CMake config files
[13.796s] Level 1:colcon.colcon_core.environment:checking '/data/robot-radar/ydlidar_ros2_ws/install/ydlidar_ros2_driver/bin'
[13.796s] Level 1:colcon.colcon_core.environment:checking '/data/robot-radar/ydlidar_ros2_ws/install/ydlidar_ros2_driver/lib/pkgconfig/ydlidar_ros2_driver.pc'
[13.799s] Level 1:colcon.colcon_core.environment:checking '/data/robot-radar/ydlidar_ros2_ws/install/ydlidar_ros2_driver/lib/python3.8/site-packages'
[13.800s] Level 1:colcon.colcon_core.environment:checking '/data/robot-radar/ydlidar_ros2_ws/install/ydlidar_ros2_driver/bin'
[13.847s] INFO:colcon.colcon_core.shell:Creating package script '/data/robot-radar/ydlidar_ros2_ws/install/ydlidar_ros2_driver/share/ydlidar_ros2_driver/package.ps1'
[13.851s] INFO:colcon.colcon_core.shell:Creating package descriptor '/data/robot-radar/ydlidar_ros2_ws/install/ydlidar_ros2_driver/share/ydlidar_ros2_driver/package.dsv'
[13.853s] INFO:colcon.colcon_core.shell:Creating package script '/data/robot-radar/ydlidar_ros2_ws/install/ydlidar_ros2_driver/share/ydlidar_ros2_driver/package.sh'
[13.856s] INFO:colcon.colcon_core.shell:Creating package script '/data/robot-radar/ydlidar_ros2_ws/install/ydlidar_ros2_driver/share/ydlidar_ros2_driver/package.bash'
[13.860s] INFO:colcon.colcon_core.shell:Creating package script '/data/robot-radar/ydlidar_ros2_ws/install/ydlidar_ros2_driver/share/ydlidar_ros2_driver/package.zsh'
[13.862s] Level 1:colcon.colcon_core.environment:create_file_with_runtime_dependencies(/data/robot-radar/ydlidar_ros2_ws/install/ydlidar_ros2_driver/share/colcon-core/packages/ydlidar_ros2_driver)
[13.874s] DEBUG:colcon.colcon_parallel_executor.executor.parallel:closing loop
[13.874s] DEBUG:colcon.colcon_parallel_executor.executor.parallel:loop closed
[13.875s] DEBUG:colcon.colcon_parallel_executor.executor.parallel:run_until_complete finished with '1'
[13.875s] DEBUG:colcon.colcon_core.event_reactor:joining thread
[13.937s] INFO:colcon.colcon_core.plugin_system:Skipping extension 'colcon_notification.desktop_notification.notify_send': Could not find 'notify-send'
[13.937s] INFO:colcon.colcon_core.plugin_system:Skipping extension 'colcon_notification.desktop_notification.terminal_notifier': Not used on non-Darwin systems
[13.937s] INFO:colcon.colcon_core.plugin_system:Skipping extension 'colcon_notification.desktop_notification.win32': Not used on non-Windows systems
[13.938s] INFO:colcon.colcon_notification.desktop_notification:Sending desktop notification using 'notify2'
[13.981s] DEBUG:colcon.colcon_notification.desktop_notification.notify2:Failed to initialize notify2: org.freedesktop.DBus.Error.Spawn.ExecFailed: /usr/bin/dbus-launch terminated abnormally with the following error: MoTTY X11 proxy: Unsupported authorisation protocol
Autolaunch error: X11 initialization failed.

[13.982s] DEBUG:colcon.colcon_core.event_reactor:joined thread
[14.031s] INFO:colcon.colcon_core.shell:Creating prefix script '/data/robot-radar/ydlidar_ros2_ws/install/local_setup.ps1'
[14.036s] INFO:colcon.colcon_core.shell:Creating prefix util module '/data/robot-radar/ydlidar_ros2_ws/install/_local_setup_util_ps1.py'
[14.043s] INFO:colcon.colcon_core.shell:Creating prefix chain script '/data/robot-radar/ydlidar_ros2_ws/install/setup.ps1'
[14.092s] INFO:colcon.colcon_core.shell:Creating prefix script '/data/robot-radar/ydlidar_ros2_ws/install/local_setup.sh'
[14.094s] INFO:colcon.colcon_core.shell:Creating prefix util module '/data/robot-radar/ydlidar_ros2_ws/install/_local_setup_util_sh.py'
[14.096s] INFO:colcon.colcon_core.shell:Creating prefix chain script '/data/robot-radar/ydlidar_ros2_ws/install/setup.sh'
[14.146s] INFO:colcon.colcon_core.shell:Creating prefix script '/data/robot-radar/ydlidar_ros2_ws/install/local_setup.bash'
[14.148s] INFO:colcon.colcon_core.shell:Creating prefix chain script '/data/robot-radar/ydlidar_ros2_ws/install/setup.bash'
[14.196s] INFO:colcon.colcon_core.shell:Creating prefix script '/data/robot-radar/ydlidar_ros2_ws/install/local_setup.zsh'
[14.198s] INFO:colcon.colcon_core.shell:Creating prefix chain script '/data/robot-radar/ydlidar_ros2_ws/install/setup.zsh'
