[8.801s] DEBUG:colcon:Command line arguments: ['/usr/bin/colcon', 'build']
[8.802s] DEBUG:colcon:Parsed command line arguments: Namespace(ament_cmake_args=None, base_paths=['.'], build_base='build', catkin_cmake_args=None, catkin_skip_building_tests=False, cmake_args=None, cmake_clean_cache=False, cmake_clean_first=False, cmake_force_configure=False, cmake_target=None, cmake_target_skip_unavailable=False, continue_on_error=False, event_handlers=None, executor='parallel', ignore_user_meta=False, install_base='install', log_base=None, log_level=None, main=<bound method BuildVerb.main of <colcon_core.verb.build.BuildVerb object at 0x7faf82a3a0>>, merge_install=False, metas=['./colcon.meta'], packages_above=None, packages_above_and_dependencies=None, packages_above_depth=None, packages_end=None, packages_ignore=None, packages_ignore_regex=None, packages_select=None, packages_select_build_failed=False, packages_select_by_dep=None, packages_select_regex=None, packages_select_test_failures=False, packages_skip=None, packages_skip_build_finished=False, packages_skip_by_dep=None, packages_skip_regex=None, packages_skip_test_passed=False, packages_skip_up_to=None, packages_start=None, packages_up_to=None, packages_up_to_regex=None, parallel_workers=4, paths=None, symlink_install=False, test_result_base=None, verb_extension=<colcon_core.verb.build.BuildVerb object at 0x7faf82a3a0>, verb_name='build', verb_parser=<colcon_defaults.argument_parser.defaults.DefaultArgumentsDecorator object at 0x7faf4bdac0>)
[9.188s] Level 1:colcon.colcon_core.package_discovery:discover_packages(colcon_meta) check parameters
[9.189s] Level 1:colcon.colcon_core.package_discovery:discover_packages(recursive) check parameters
[9.189s] Level 1:colcon.colcon_core.package_discovery:discover_packages(ignore) check parameters
[9.189s] Level 1:colcon.colcon_core.package_discovery:discover_packages(path) check parameters
[9.189s] Level 1:colcon.colcon_core.package_discovery:discover_packages(colcon_meta) discover
[9.190s] Level 1:colcon.colcon_core.package_discovery:discover_packages(recursive) discover
[9.190s] INFO:colcon.colcon_core.package_discovery:Crawling recursively for packages in '/data/robot-radar/ydlidar_ros2_ws'
[9.190s] Level 1:colcon.colcon_core.package_identification:_identify(.) by extensions ['ignore', 'ignore_ament_install']
[9.191s] Level 1:colcon.colcon_core.package_identification:_identify(.) by extension 'ignore'
[9.191s] Level 1:colcon.colcon_core.package_identification:_identify(.) by extension 'ignore_ament_install'
[9.191s] Level 1:colcon.colcon_core.package_identification:_identify(.) by extensions ['colcon_pkg']
[9.191s] Level 1:colcon.colcon_core.package_identification:_identify(.) by extension 'colcon_pkg'
[9.191s] Level 1:colcon.colcon_core.package_identification:_identify(.) by extensions ['colcon_meta']
[9.191s] Level 1:colcon.colcon_core.package_identification:_identify(.) by extension 'colcon_meta'
[9.192s] Level 1:colcon.colcon_core.package_identification:_identify(.) by extensions ['ros']
[9.192s] Level 1:colcon.colcon_core.package_identification:_identify(.) by extension 'ros'
[9.253s] Level 1:colcon.colcon_core.package_identification:_identify(.) by extensions ['cmake', 'python']
[9.253s] Level 1:colcon.colcon_core.package_identification:_identify(.) by extension 'cmake'
[9.253s] Level 1:colcon.colcon_core.package_identification:_identify(.) by extension 'python'
[9.254s] Level 1:colcon.colcon_core.package_identification:_identify(.) by extensions ['python_setup_py']
[9.254s] Level 1:colcon.colcon_core.package_identification:_identify(.) by extension 'python_setup_py'
[9.254s] Level 1:colcon.colcon_core.package_identification:_identify(build) by extensions ['ignore', 'ignore_ament_install']
[9.255s] Level 1:colcon.colcon_core.package_identification:_identify(build) by extension 'ignore'
[9.255s] Level 1:colcon.colcon_core.package_identification:_identify(build) ignored
[9.255s] Level 1:colcon.colcon_core.package_identification:_identify(install) by extensions ['ignore', 'ignore_ament_install']
[9.256s] Level 1:colcon.colcon_core.package_identification:_identify(install) by extension 'ignore'
[9.256s] Level 1:colcon.colcon_core.package_identification:_identify(install) ignored
[9.256s] Level 1:colcon.colcon_core.package_identification:_identify(log) by extensions ['ignore', 'ignore_ament_install']
[9.257s] Level 1:colcon.colcon_core.package_identification:_identify(log) by extension 'ignore'
[9.257s] Level 1:colcon.colcon_core.package_identification:_identify(log) ignored
[9.257s] Level 1:colcon.colcon_core.package_identification:_identify(src) by extensions ['ignore', 'ignore_ament_install']
[9.257s] Level 1:colcon.colcon_core.package_identification:_identify(src) by extension 'ignore'
[9.257s] Level 1:colcon.colcon_core.package_identification:_identify(src) by extension 'ignore_ament_install'
[9.258s] Level 1:colcon.colcon_core.package_identification:_identify(src) by extensions ['colcon_pkg']
[9.258s] Level 1:colcon.colcon_core.package_identification:_identify(src) by extension 'colcon_pkg'
[9.258s] Level 1:colcon.colcon_core.package_identification:_identify(src) by extensions ['colcon_meta']
[9.258s] Level 1:colcon.colcon_core.package_identification:_identify(src) by extension 'colcon_meta'
[9.258s] Level 1:colcon.colcon_core.package_identification:_identify(src) by extensions ['ros']
[9.259s] Level 1:colcon.colcon_core.package_identification:_identify(src) by extension 'ros'
[9.259s] Level 1:colcon.colcon_core.package_identification:_identify(src) by extensions ['cmake', 'python']
[9.259s] Level 1:colcon.colcon_core.package_identification:_identify(src) by extension 'cmake'
[9.259s] Level 1:colcon.colcon_core.package_identification:_identify(src) by extension 'python'
[9.259s] Level 1:colcon.colcon_core.package_identification:_identify(src) by extensions ['python_setup_py']
[9.260s] Level 1:colcon.colcon_core.package_identification:_identify(src) by extension 'python_setup_py'
[9.260s] Level 1:colcon.colcon_core.package_identification:_identify(src/ydlidar_ros2_driver) by extensions ['ignore', 'ignore_ament_install']
[9.260s] Level 1:colcon.colcon_core.package_identification:_identify(src/ydlidar_ros2_driver) by extension 'ignore'
[9.260s] Level 1:colcon.colcon_core.package_identification:_identify(src/ydlidar_ros2_driver) by extension 'ignore_ament_install'
[9.261s] Level 1:colcon.colcon_core.package_identification:_identify(src/ydlidar_ros2_driver) by extensions ['colcon_pkg']
[9.261s] Level 1:colcon.colcon_core.package_identification:_identify(src/ydlidar_ros2_driver) by extension 'colcon_pkg'
[9.261s] Level 1:colcon.colcon_core.package_identification:_identify(src/ydlidar_ros2_driver) by extensions ['colcon_meta']
[9.261s] Level 1:colcon.colcon_core.package_identification:_identify(src/ydlidar_ros2_driver) by extension 'colcon_meta'
[9.261s] Level 1:colcon.colcon_core.package_identification:_identify(src/ydlidar_ros2_driver) by extensions ['ros']
[9.261s] Level 1:colcon.colcon_core.package_identification:_identify(src/ydlidar_ros2_driver) by extension 'ros'
[9.271s] DEBUG:colcon.colcon_core.package_identification:Package 'src/ydlidar_ros2_driver' with type 'ros.ament_cmake' and name 'ydlidar_ros2_driver'
[9.272s] Level 1:colcon.colcon_core.package_discovery:discover_packages(recursive) using defaults
[9.272s] Level 1:colcon.colcon_core.package_discovery:discover_packages(ignore) discover
[9.272s] Level 1:colcon.colcon_core.package_discovery:discover_packages(ignore) using defaults
[9.272s] Level 1:colcon.colcon_core.package_discovery:discover_packages(path) discover
[9.272s] Level 1:colcon.colcon_core.package_discovery:discover_packages(path) using defaults
[9.530s] Level 5:colcon.colcon_core.verb:set package 'ydlidar_ros2_driver' build argument 'cmake_args' from command line to 'None'
[9.530s] Level 5:colcon.colcon_core.verb:set package 'ydlidar_ros2_driver' build argument 'cmake_target' from command line to 'None'
[9.530s] Level 5:colcon.colcon_core.verb:set package 'ydlidar_ros2_driver' build argument 'cmake_target_skip_unavailable' from command line to 'False'
[9.530s] Level 5:colcon.colcon_core.verb:set package 'ydlidar_ros2_driver' build argument 'cmake_clean_cache' from command line to 'False'
[9.531s] Level 5:colcon.colcon_core.verb:set package 'ydlidar_ros2_driver' build argument 'cmake_clean_first' from command line to 'False'
[9.531s] Level 5:colcon.colcon_core.verb:set package 'ydlidar_ros2_driver' build argument 'cmake_force_configure' from command line to 'False'
[9.531s] Level 5:colcon.colcon_core.verb:set package 'ydlidar_ros2_driver' build argument 'ament_cmake_args' from command line to 'None'
[9.531s] Level 5:colcon.colcon_core.verb:set package 'ydlidar_ros2_driver' build argument 'catkin_cmake_args' from command line to 'None'
[9.531s] Level 5:colcon.colcon_core.verb:set package 'ydlidar_ros2_driver' build argument 'catkin_skip_building_tests' from command line to 'False'
[9.531s] DEBUG:colcon.colcon_core.verb:Building package 'ydlidar_ros2_driver' with the following arguments: {'ament_cmake_args': None, 'build_base': '/data/robot-radar/ydlidar_ros2_ws/build/ydlidar_ros2_driver', 'catkin_cmake_args': None, 'catkin_skip_building_tests': False, 'cmake_args': None, 'cmake_clean_cache': False, 'cmake_clean_first': False, 'cmake_force_configure': False, 'cmake_target': None, 'cmake_target_skip_unavailable': False, 'install_base': '/data/robot-radar/ydlidar_ros2_ws/install/ydlidar_ros2_driver', 'merge_install': False, 'path': '/data/robot-radar/ydlidar_ros2_ws/src/ydlidar_ros2_driver', 'symlink_install': False, 'test_result_base': None}
[9.578s] INFO:colcon.colcon_core.executor:Executing jobs using 'parallel' executor
[9.625s] DEBUG:colcon.colcon_parallel_executor.executor.parallel:run_until_complete
[9.627s] INFO:colcon.colcon_ros.task.ament_cmake.build:Building ROS package in '/data/robot-radar/ydlidar_ros2_ws/src/ydlidar_ros2_driver' with build type 'ament_cmake'
[9.627s] INFO:colcon.colcon_cmake.task.cmake.build:Building CMake package in '/data/robot-radar/ydlidar_ros2_ws/src/ydlidar_ros2_driver'
[9.679s] INFO:colcon.colcon_core.plugin_system:Skipping extension 'colcon_core.shell.bat': Not used on non-Windows systems
[9.680s] INFO:colcon.colcon_core.shell:Skip shell extension 'powershell' for command environment: Not usable outside of PowerShell
[9.680s] DEBUG:colcon.colcon_core.shell:Skip shell extension 'dsv' for command environment
[9.831s] DEBUG:colcon.colcon_core.event_handler.log_command:Invoking command in '/data/robot-radar/ydlidar_ros2_ws/build/ydlidar_ros2_driver': /usr/local/bin/cmake --build /data/robot-radar/ydlidar_ros2_ws/build/ydlidar_ros2_driver -- -j4 -l4
[10.069s] DEBUG:colcon.colcon_core.event_handler.log_command:Invoked command in '/data/robot-radar/ydlidar_ros2_ws/build/ydlidar_ros2_driver' returned '0': /usr/local/bin/cmake --build /data/robot-radar/ydlidar_ros2_ws/build/ydlidar_ros2_driver -- -j4 -l4
[10.346s] DEBUG:colcon.colcon_core.event_handler.log_command:Invoking command in '/data/robot-radar/ydlidar_ros2_ws/build/ydlidar_ros2_driver': /usr/local/bin/cmake --install /data/robot-radar/ydlidar_ros2_ws/build/ydlidar_ros2_driver
[10.586s] Level 1:colcon.colcon_core.environment:create_environment_scripts_only(ydlidar_ros2_driver)
[10.587s] DEBUG:colcon.colcon_core.event_handler.log_command:Invoked command in '/data/robot-radar/ydlidar_ros2_ws/build/ydlidar_ros2_driver' returned '0': /usr/local/bin/cmake --install /data/robot-radar/ydlidar_ros2_ws/build/ydlidar_ros2_driver
[10.648s] Level 1:colcon.colcon_core.environment:checking '/data/robot-radar/ydlidar_ros2_ws/install/ydlidar_ros2_driver' for CMake module files
[10.650s] Level 1:colcon.colcon_core.environment:checking '/data/robot-radar/ydlidar_ros2_ws/install/ydlidar_ros2_driver' for CMake config files
[10.653s] Level 1:colcon.colcon_core.shell:create_environment_hook('ydlidar_ros2_driver', 'cmake_prefix_path')
[10.701s] INFO:colcon.colcon_core.shell:Creating environment hook '/data/robot-radar/ydlidar_ros2_ws/install/ydlidar_ros2_driver/share/ydlidar_ros2_driver/hook/cmake_prefix_path.ps1'
[10.703s] INFO:colcon.colcon_core.shell:Creating environment descriptor '/data/robot-radar/ydlidar_ros2_ws/install/ydlidar_ros2_driver/share/ydlidar_ros2_driver/hook/cmake_prefix_path.dsv'
[10.705s] INFO:colcon.colcon_core.shell:Creating environment hook '/data/robot-radar/ydlidar_ros2_ws/install/ydlidar_ros2_driver/share/ydlidar_ros2_driver/hook/cmake_prefix_path.sh'
[10.708s] Level 1:colcon.colcon_core.environment:checking '/data/robot-radar/ydlidar_ros2_ws/install/ydlidar_ros2_driver/lib'
[10.709s] Level 1:colcon.colcon_core.environment:checking '/data/robot-radar/ydlidar_ros2_ws/install/ydlidar_ros2_driver/bin'
[10.709s] Level 1:colcon.colcon_core.environment:checking '/data/robot-radar/ydlidar_ros2_ws/install/ydlidar_ros2_driver/lib/pkgconfig/ydlidar_ros2_driver.pc'
[10.712s] Level 1:colcon.colcon_core.environment:checking '/data/robot-radar/ydlidar_ros2_ws/install/ydlidar_ros2_driver/lib/python3.8/site-packages'
[10.713s] Level 1:colcon.colcon_core.environment:checking '/data/robot-radar/ydlidar_ros2_ws/install/ydlidar_ros2_driver/bin'
[10.760s] INFO:colcon.colcon_core.shell:Creating package script '/data/robot-radar/ydlidar_ros2_ws/install/ydlidar_ros2_driver/share/ydlidar_ros2_driver/package.ps1'
[10.763s] INFO:colcon.colcon_core.shell:Creating package descriptor '/data/robot-radar/ydlidar_ros2_ws/install/ydlidar_ros2_driver/share/ydlidar_ros2_driver/package.dsv'
[10.765s] INFO:colcon.colcon_core.shell:Creating package script '/data/robot-radar/ydlidar_ros2_ws/install/ydlidar_ros2_driver/share/ydlidar_ros2_driver/package.sh'
[10.768s] INFO:colcon.colcon_core.shell:Creating package script '/data/robot-radar/ydlidar_ros2_ws/install/ydlidar_ros2_driver/share/ydlidar_ros2_driver/package.bash'
[10.771s] INFO:colcon.colcon_core.shell:Creating package script '/data/robot-radar/ydlidar_ros2_ws/install/ydlidar_ros2_driver/share/ydlidar_ros2_driver/package.zsh'
[10.773s] Level 1:colcon.colcon_core.environment:create_file_with_runtime_dependencies(/data/robot-radar/ydlidar_ros2_ws/install/ydlidar_ros2_driver/share/colcon-core/packages/ydlidar_ros2_driver)
[10.979s] Level 1:colcon.colcon_core.environment:create_environment_scripts_only(ydlidar_ros2_driver)
[11.025s] Level 1:colcon.colcon_core.environment:checking '/data/robot-radar/ydlidar_ros2_ws/install/ydlidar_ros2_driver' for CMake module files
[11.027s] Level 1:colcon.colcon_core.environment:checking '/data/robot-radar/ydlidar_ros2_ws/install/ydlidar_ros2_driver' for CMake config files
[11.030s] Level 1:colcon.colcon_core.shell:create_environment_hook('ydlidar_ros2_driver', 'cmake_prefix_path')
[11.078s] INFO:colcon.colcon_core.shell:Creating environment hook '/data/robot-radar/ydlidar_ros2_ws/install/ydlidar_ros2_driver/share/ydlidar_ros2_driver/hook/cmake_prefix_path.ps1'
[11.079s] INFO:colcon.colcon_core.shell:Creating environment descriptor '/data/robot-radar/ydlidar_ros2_ws/install/ydlidar_ros2_driver/share/ydlidar_ros2_driver/hook/cmake_prefix_path.dsv'
[11.080s] INFO:colcon.colcon_core.shell:Creating environment hook '/data/robot-radar/ydlidar_ros2_ws/install/ydlidar_ros2_driver/share/ydlidar_ros2_driver/hook/cmake_prefix_path.sh'
[11.082s] Level 1:colcon.colcon_core.environment:checking '/data/robot-radar/ydlidar_ros2_ws/install/ydlidar_ros2_driver/lib'
[11.083s] Level 1:colcon.colcon_core.environment:checking '/data/robot-radar/ydlidar_ros2_ws/install/ydlidar_ros2_driver/bin'
[11.083s] Level 1:colcon.colcon_core.environment:checking '/data/robot-radar/ydlidar_ros2_ws/install/ydlidar_ros2_driver/lib/pkgconfig/ydlidar_ros2_driver.pc'
[11.084s] Level 1:colcon.colcon_core.environment:checking '/data/robot-radar/ydlidar_ros2_ws/install/ydlidar_ros2_driver/lib/python3.8/site-packages'
[11.085s] Level 1:colcon.colcon_core.environment:checking '/data/robot-radar/ydlidar_ros2_ws/install/ydlidar_ros2_driver/bin'
[11.130s] INFO:colcon.colcon_core.shell:Creating package script '/data/robot-radar/ydlidar_ros2_ws/install/ydlidar_ros2_driver/share/ydlidar_ros2_driver/package.ps1'
[11.132s] INFO:colcon.colcon_core.shell:Creating package descriptor '/data/robot-radar/ydlidar_ros2_ws/install/ydlidar_ros2_driver/share/ydlidar_ros2_driver/package.dsv'
[11.134s] INFO:colcon.colcon_core.shell:Creating package script '/data/robot-radar/ydlidar_ros2_ws/install/ydlidar_ros2_driver/share/ydlidar_ros2_driver/package.sh'
[11.136s] INFO:colcon.colcon_core.shell:Creating package script '/data/robot-radar/ydlidar_ros2_ws/install/ydlidar_ros2_driver/share/ydlidar_ros2_driver/package.bash'
[11.137s] INFO:colcon.colcon_core.shell:Creating package script '/data/robot-radar/ydlidar_ros2_ws/install/ydlidar_ros2_driver/share/ydlidar_ros2_driver/package.zsh'
[11.139s] Level 1:colcon.colcon_core.environment:create_file_with_runtime_dependencies(/data/robot-radar/ydlidar_ros2_ws/install/ydlidar_ros2_driver/share/colcon-core/packages/ydlidar_ros2_driver)
[11.140s] DEBUG:colcon.colcon_parallel_executor.executor.parallel:closing loop
[11.142s] DEBUG:colcon.colcon_parallel_executor.executor.parallel:loop closed
[11.142s] DEBUG:colcon.colcon_parallel_executor.executor.parallel:run_until_complete finished with '0'
[11.143s] DEBUG:colcon.colcon_core.event_reactor:joining thread
[11.205s] INFO:colcon.colcon_core.plugin_system:Skipping extension 'colcon_notification.desktop_notification.notify_send': Could not find 'notify-send'
[11.206s] INFO:colcon.colcon_core.plugin_system:Skipping extension 'colcon_notification.desktop_notification.terminal_notifier': Not used on non-Darwin systems
[11.206s] INFO:colcon.colcon_core.plugin_system:Skipping extension 'colcon_notification.desktop_notification.win32': Not used on non-Windows systems
[11.206s] INFO:colcon.colcon_notification.desktop_notification:Sending desktop notification using 'notify2'
[11.238s] DEBUG:colcon.colcon_notification.desktop_notification.notify2:Failed to initialize notify2: org.freedesktop.DBus.Error.Spawn.ExecFailed: /usr/bin/dbus-launch terminated abnormally with the following error: MoTTY X11 proxy: Unsupported authorisation protocol
Autolaunch error: X11 initialization failed.

[11.239s] DEBUG:colcon.colcon_core.event_reactor:joined thread
[11.286s] INFO:colcon.colcon_core.shell:Creating prefix script '/data/robot-radar/ydlidar_ros2_ws/install/local_setup.ps1'
[11.290s] INFO:colcon.colcon_core.shell:Creating prefix util module '/data/robot-radar/ydlidar_ros2_ws/install/_local_setup_util_ps1.py'
[11.296s] INFO:colcon.colcon_core.shell:Creating prefix chain script '/data/robot-radar/ydlidar_ros2_ws/install/setup.ps1'
[11.344s] INFO:colcon.colcon_core.shell:Creating prefix script '/data/robot-radar/ydlidar_ros2_ws/install/local_setup.sh'
[11.346s] INFO:colcon.colcon_core.shell:Creating prefix util module '/data/robot-radar/ydlidar_ros2_ws/install/_local_setup_util_sh.py'
[11.348s] INFO:colcon.colcon_core.shell:Creating prefix chain script '/data/robot-radar/ydlidar_ros2_ws/install/setup.sh'
[11.396s] INFO:colcon.colcon_core.shell:Creating prefix script '/data/robot-radar/ydlidar_ros2_ws/install/local_setup.bash'
[11.398s] INFO:colcon.colcon_core.shell:Creating prefix chain script '/data/robot-radar/ydlidar_ros2_ws/install/setup.bash'
[11.445s] INFO:colcon.colcon_core.shell:Creating prefix script '/data/robot-radar/ydlidar_ros2_ws/install/local_setup.zsh'
[11.447s] INFO:colcon.colcon_core.shell:Creating prefix chain script '/data/robot-radar/ydlidar_ros2_ws/install/setup.zsh'
