[9.410s] DEBUG:colcon:Command line arguments: ['/usr/bin/colcon', 'build', '--symlink-install']
[9.411s] DEBUG:colcon:Parsed command line arguments: Namespace(ament_cmake_args=None, base_paths=['.'], build_base='build', catkin_cmake_args=None, catkin_skip_building_tests=False, cmake_args=None, cmake_clean_cache=False, cmake_clean_first=False, cmake_force_configure=False, cmake_target=None, cmake_target_skip_unavailable=False, continue_on_error=False, event_handlers=None, executor='parallel', ignore_user_meta=False, install_base='install', log_base=None, log_level=None, main=<bound method BuildVerb.main of <colcon_core.verb.build.BuildVerb object at 0x7f995123a0>>, merge_install=False, metas=['./colcon.meta'], packages_above=None, packages_above_and_dependencies=None, packages_above_depth=None, packages_end=None, packages_ignore=None, packages_ignore_regex=None, packages_select=None, packages_select_build_failed=False, packages_select_by_dep=None, packages_select_regex=None, packages_select_test_failures=False, packages_skip=None, packages_skip_build_finished=False, packages_skip_by_dep=None, packages_skip_regex=None, packages_skip_test_passed=False, packages_skip_up_to=None, packages_start=None, packages_up_to=None, packages_up_to_regex=None, parallel_workers=4, paths=None, symlink_install=True, test_result_base=None, verb_extension=<colcon_core.verb.build.BuildVerb object at 0x7f995123a0>, verb_name='build', verb_parser=<colcon_defaults.argument_parser.defaults.DefaultArgumentsDecorator object at 0x7f9912dac0>)
[9.886s] Level 1:colcon.colcon_core.package_discovery:discover_packages(colcon_meta) check parameters
[9.887s] Level 1:colcon.colcon_core.package_discovery:discover_packages(recursive) check parameters
[9.887s] Level 1:colcon.colcon_core.package_discovery:discover_packages(ignore) check parameters
[9.887s] Level 1:colcon.colcon_core.package_discovery:discover_packages(path) check parameters
[9.887s] Level 1:colcon.colcon_core.package_discovery:discover_packages(colcon_meta) discover
[9.887s] Level 1:colcon.colcon_core.package_discovery:discover_packages(recursive) discover
[9.887s] INFO:colcon.colcon_core.package_discovery:Crawling recursively for packages in '/data/robot_camera/src'
[9.888s] Level 1:colcon.colcon_core.package_identification:_identify(.) by extensions ['ignore', 'ignore_ament_install']
[9.888s] Level 1:colcon.colcon_core.package_identification:_identify(.) by extension 'ignore'
[9.888s] Level 1:colcon.colcon_core.package_identification:_identify(.) by extension 'ignore_ament_install'
[9.889s] Level 1:colcon.colcon_core.package_identification:_identify(.) by extensions ['colcon_pkg']
[9.889s] Level 1:colcon.colcon_core.package_identification:_identify(.) by extension 'colcon_pkg'
[9.889s] Level 1:colcon.colcon_core.package_identification:_identify(.) by extensions ['colcon_meta']
[9.889s] Level 1:colcon.colcon_core.package_identification:_identify(.) by extension 'colcon_meta'
[9.890s] Level 1:colcon.colcon_core.package_identification:_identify(.) by extensions ['ros']
[9.890s] Level 1:colcon.colcon_core.package_identification:_identify(.) by extension 'ros'
[9.969s] Level 1:colcon.colcon_core.package_identification:_identify(.) by extensions ['cmake', 'python']
[9.969s] Level 1:colcon.colcon_core.package_identification:_identify(.) by extension 'cmake'
[9.970s] Level 1:colcon.colcon_core.package_identification:_identify(.) by extension 'python'
[9.970s] Level 1:colcon.colcon_core.package_identification:_identify(.) by extensions ['python_setup_py']
[9.970s] Level 1:colcon.colcon_core.package_identification:_identify(.) by extension 'python_setup_py'
[9.970s] Level 1:colcon.colcon_core.package_identification:_identify(build) by extensions ['ignore', 'ignore_ament_install']
[9.971s] Level 1:colcon.colcon_core.package_identification:_identify(build) by extension 'ignore'
[9.971s] Level 1:colcon.colcon_core.package_identification:_identify(build) ignored
[9.971s] Level 1:colcon.colcon_core.package_identification:_identify(install) by extensions ['ignore', 'ignore_ament_install']
[9.972s] Level 1:colcon.colcon_core.package_identification:_identify(install) by extension 'ignore'
[9.972s] Level 1:colcon.colcon_core.package_identification:_identify(install) ignored
[9.972s] Level 1:colcon.colcon_core.package_identification:_identify(log) by extensions ['ignore', 'ignore_ament_install']
[9.973s] Level 1:colcon.colcon_core.package_identification:_identify(log) by extension 'ignore'
[9.973s] Level 1:colcon.colcon_core.package_identification:_identify(log) ignored
[9.973s] Level 1:colcon.colcon_core.package_discovery:discover_packages(recursive) using defaults
[9.973s] Level 1:colcon.colcon_core.package_discovery:discover_packages(ignore) discover
[9.974s] Level 1:colcon.colcon_core.package_discovery:discover_packages(ignore) using defaults
[9.974s] Level 1:colcon.colcon_core.package_discovery:discover_packages(path) discover
[9.974s] Level 1:colcon.colcon_core.package_discovery:discover_packages(path) using defaults
[10.266s] INFO:colcon.colcon_core.executor:Executing jobs using 'parallel' executor
[10.316s] DEBUG:colcon.colcon_parallel_executor.executor.parallel:run_until_complete
[10.317s] DEBUG:colcon.colcon_parallel_executor.executor.parallel:closing loop
[10.317s] DEBUG:colcon.colcon_parallel_executor.executor.parallel:loop closed
[10.317s] DEBUG:colcon.colcon_parallel_executor.executor.parallel:run_until_complete finished with '0'
[10.317s] DEBUG:colcon.colcon_core.event_reactor:joining thread
[10.393s] INFO:colcon.colcon_core.plugin_system:Skipping extension 'colcon_notification.desktop_notification.notify_send': Could not find 'notify-send'
[10.394s] INFO:colcon.colcon_core.plugin_system:Skipping extension 'colcon_notification.desktop_notification.terminal_notifier': Not used on non-Darwin systems
[10.394s] INFO:colcon.colcon_core.plugin_system:Skipping extension 'colcon_notification.desktop_notification.win32': Not used on non-Windows systems
[10.394s] INFO:colcon.colcon_notification.desktop_notification:Sending desktop notification using 'notify2'
[12.114s] DEBUG:colcon.colcon_notification.desktop_notification.notify2:Failed to initialize notify2: org.freedesktop.DBus.Error.Spawn.ExecFailed: /usr/bin/dbus-launch terminated abnormally with the following error: MoTTY X11 proxy: Unsupported authorisation protocol
Autolaunch error: X11 initialization failed.

[12.114s] DEBUG:colcon.colcon_core.event_reactor:joined thread
[12.178s] INFO:colcon.colcon_core.plugin_system:Skipping extension 'colcon_core.shell.bat': Not used on non-Windows systems
[12.179s] INFO:colcon.colcon_core.shell:Creating prefix script '/data/robot_camera/src/install/local_setup.ps1'
[12.184s] INFO:colcon.colcon_core.shell:Creating prefix util module '/data/robot_camera/src/install/_local_setup_util_ps1.py'
[12.191s] INFO:colcon.colcon_core.shell:Creating prefix chain script '/data/robot_camera/src/install/setup.ps1'
[12.247s] INFO:colcon.colcon_core.shell:Creating prefix script '/data/robot_camera/src/install/local_setup.sh'
[12.249s] INFO:colcon.colcon_core.shell:Creating prefix util module '/data/robot_camera/src/install/_local_setup_util_sh.py'
[12.251s] INFO:colcon.colcon_core.shell:Creating prefix chain script '/data/robot_camera/src/install/setup.sh'
[12.303s] INFO:colcon.colcon_core.shell:Creating prefix script '/data/robot_camera/src/install/local_setup.bash'
[12.306s] INFO:colcon.colcon_core.shell:Creating prefix chain script '/data/robot_camera/src/install/setup.bash'
[12.356s] INFO:colcon.colcon_core.shell:Creating prefix script '/data/robot_camera/src/install/local_setup.zsh'
[12.359s] INFO:colcon.colcon_core.shell:Creating prefix chain script '/data/robot_camera/src/install/setup.zsh'
