[0.196s] Invoking command in '/data/robot-radar/ydlidar_ros2_ws/build/ydlidar_ros2_driver': /usr/local/bin/cmake /data/robot-radar/ydlidar_ros2_ws/src/ydlidar_ros2_driver -DAMENT_CMAKE_SYMLINK_INSTALL=1 -DCMAKE_INSTALL_PREFIX=/data/robot-radar/ydlidar_ros2_ws/install/ydlidar_ros2_driver
[0.785s] -- The C compiler identification is GNU 9.4.0
[1.260s] -- The CXX compiler identification is GNU 9.4.0
[1.328s] -- Detecting C compiler ABI info
[1.547s] -- Detecting C compiler ABI info - done
[1.597s] -- Check for working C compiler: /usr/bin/cc - skipped
[1.600s] -- Detecting C compile features
[1.603s] -- Detecting C compile features - done
[1.645s] -- Detecting CXX compiler ABI info
[1.898s] -- Detecting CXX compiler ABI info - done
[1.950s] -- Check for working CXX compiler: /usr/bin/c++ - skipped
[1.951s] -- Detecting CXX compile features
[1.953s] -- Detecting CXX compile features - done
[1.978s] -- Found ament_cmake: 0.9.12 (/opt/ros/foxy/install/share/ament_cmake/cmake)
[2.001s] [33mCMake Warning (dev) at /opt/ros/foxy/install/share/ament_cmake_core/cmake/core/python.cmake:22 (find_package):
[2.001s]   Policy CMP0148 is not set: The FindPythonInterp and FindPythonLibs modules
[2.002s]   are removed.  Run "cmake --help-policy CMP0148" for policy details.  Use
[2.002s]   the cmake_policy command to set the policy and suppress this warning.
[2.003s] 
[2.003s] Call Stack (most recent call first):
[2.003s]   /opt/ros/foxy/install/share/ament_cmake_core/cmake/core/all.cmake:53 (include)
[2.004s]   /opt/ros/foxy/install/share/ament_cmake_core/cmake/ament_cmake_core-extras.cmake:17 (include)
[2.004s]   /opt/ros/foxy/install/share/ament_cmake_core/cmake/ament_cmake_coreConfig.cmake:41 (include)
[2.004s]   /opt/ros/foxy/install/share/ament_cmake/cmake/ament_cmake_export_dependencies-extras.cmake:15 (find_package)
[2.005s]   /opt/ros/foxy/install/share/ament_cmake/cmake/ament_cmakeConfig.cmake:41 (include)
[2.005s]   CMakeLists.txt:15 (find_package)
[2.005s] This warning is for project developers.  Use -Wno-dev to suppress it.
[2.006s] [0m
[2.082s] -- Found PythonInterp: /usr/bin/python3 (found suitable version "3.8.10", minimum required is "3") 
[2.083s] -- Using PYTHON_EXECUTABLE: /usr/bin/python3
[2.745s] -- Override CMake install command with custom implementation using symlinks instead of copying resources
[2.891s] -- Found rclcpp: 2.4.3 (/opt/ros/foxy/install/share/rclcpp/cmake)
[3.182s] -- Using all available rosidl_typesupport_c: rosidl_typesupport_fastrtps_c;rosidl_typesupport_introspection_c
[3.234s] -- Found rosidl_adapter: 1.3.1 (/opt/ros/foxy/install/share/rosidl_adapter/cmake)
[3.671s] -- Found OpenSSL: /usr/lib/aarch64-linux-gnu/libcrypto.so (found version "1.1.1f")  
[3.871s] -- Found FastRTPS: /opt/ros/foxy/install/include  
[4.391s] -- Using all available rosidl_typesupport_cpp: rosidl_typesupport_fastrtps_cpp;rosidl_typesupport_introspection_cpp
[4.713s] -- Found rmw_implementation_cmake: 1.0.4 (/opt/ros/foxy/install/share/rmw_implementation_cmake/cmake)
[4.721s] -- Using RMW implementation 'rmw_cyclonedds_cpp' as default
[4.727s] -- Performing Test CMAKE_HAVE_LIBC_PTHREAD
[4.956s] -- Performing Test CMAKE_HAVE_LIBC_PTHREAD - Failed
[4.957s] -- Looking for pthread_create in pthreads
[5.115s] -- Looking for pthread_create in pthreads - not found
[5.115s] -- Looking for pthread_create in pthread
[5.311s] -- Looking for pthread_create in pthread - found
[5.315s] -- Found Threads: TRUE  
[6.124s] -- Found sensor_msgs: 2.0.5 (/opt/ros/foxy/install/share/sensor_msgs/cmake)
[6.691s] -- Found visualization_msgs: 2.0.5 (/opt/ros/foxy/install/share/visualization_msgs/cmake)
[7.035s] -- Found std_srvs: 2.0.5 (/opt/ros/foxy/install/share/std_srvs/cmake)
[7.188s] [31mCMake Error at CMakeLists.txt:25 (find_package):
[7.188s]   By not providing "Findydlidar_sdk.cmake" in CMAKE_MODULE_PATH this project
[7.189s]   has asked CMake to find a package configuration file provided by
[7.189s]   "ydlidar_sdk", but CMake did not find one.
[7.190s] 
[7.190s]   Could not find a package configuration file provided by "ydlidar_sdk" with
[7.190s]   any of the following names:
[7.191s] 
[7.191s]     ydlidar_sdkConfig.cmake
[7.191s]     ydlidar_sdk-config.cmake
[7.192s] 
[7.192s]   Add the installation prefix of "ydlidar_sdk" to CMAKE_PREFIX_PATH or set
[7.192s]   "ydlidar_sdk_DIR" to a directory containing one of the above files.  If
[7.193s]   "ydlidar_sdk" provides a separate development package or SDK, be sure it
[7.193s]   has been installed.
[7.194s] 
[7.194s] [0m
[7.194s] -- Configuring incomplete, errors occurred!
[7.245s] Invoked command in '/data/robot-radar/ydlidar_ros2_ws/build/ydlidar_ros2_driver' returned '1': /usr/local/bin/cmake /data/robot-radar/ydlidar_ros2_ws/src/ydlidar_ros2_driver -DAMENT_CMAKE_SYMLINK_INSTALL=1 -DCMAKE_INSTALL_PREFIX=/data/robot-radar/ydlidar_ros2_ws/install/ydlidar_ros2_driver
