[0.198s] Invoking command in '/data/robot-radar/ydlidar_ros2_ws/build/ydlidar_ros2_driver': /usr/local/bin/cmake /data/robot-radar/ydlidar_ros2_ws/src/ydlidar_ros2_driver -DAMENT_CMAKE_SYMLINK_INSTALL=1 -DCMAKE_INSTALL_PREFIX=/data/robot-radar/ydlidar_ros2_ws/install/ydlidar_ros2_driver
[0.324s] -- Found ament_cmake: 0.9.12 (/opt/ros/foxy/install/share/ament_cmake/cmake)
[0.330s] [33mCMake Warning (dev) at /opt/ros/foxy/install/share/ament_cmake_core/cmake/core/python.cmake:22 (find_package):
[0.331s]   Policy CMP0148 is not set: The FindPythonInterp and FindPythonLibs modules
[0.331s]   are removed.  Run "cmake --help-policy CMP0148" for policy details.  Use
[0.331s]   the cmake_policy command to set the policy and suppress this warning.
[0.332s] 
[0.332s] Call Stack (most recent call first):
[0.332s]   /opt/ros/foxy/install/share/ament_cmake_core/cmake/core/all.cmake:53 (include)
[0.333s]   /opt/ros/foxy/install/share/ament_cmake_core/cmake/ament_cmake_core-extras.cmake:17 (include)
[0.333s]   /opt/ros/foxy/install/share/ament_cmake_core/cmake/ament_cmake_coreConfig.cmake:41 (include)
[0.333s]   /opt/ros/foxy/install/share/ament_cmake/cmake/ament_cmake_export_dependencies-extras.cmake:15 (find_package)
[0.334s]   /opt/ros/foxy/install/share/ament_cmake/cmake/ament_cmakeConfig.cmake:41 (include)
[0.334s]   CMakeLists.txt:15 (find_package)
[0.334s] This warning is for project developers.  Use -Wno-dev to suppress it.
[0.335s] [0m
[0.409s] -- Using PYTHON_EXECUTABLE: /usr/bin/python3
[1.075s] -- Override CMake install command with custom implementation using symlinks instead of copying resources
[1.104s] -- Found rclcpp: 2.4.3 (/opt/ros/foxy/install/share/rclcpp/cmake)
[1.265s] -- Using all available rosidl_typesupport_c: rosidl_typesupport_fastrtps_c;rosidl_typesupport_introspection_c
[1.282s] -- Found rosidl_adapter: 1.3.1 (/opt/ros/foxy/install/share/rosidl_adapter/cmake)
[2.050s] -- Using all available rosidl_typesupport_cpp: rosidl_typesupport_fastrtps_cpp;rosidl_typesupport_introspection_cpp
[2.282s] -- Found rmw_implementation_cmake: 1.0.4 (/opt/ros/foxy/install/share/rmw_implementation_cmake/cmake)
[2.283s] -- Using RMW implementation 'rmw_cyclonedds_cpp' as default
[2.945s] -- Found sensor_msgs: 2.0.5 (/opt/ros/foxy/install/share/sensor_msgs/cmake)
[3.470s] -- Found visualization_msgs: 2.0.5 (/opt/ros/foxy/install/share/visualization_msgs/cmake)
[3.795s] -- Found std_srvs: 2.0.5 (/opt/ros/foxy/install/share/std_srvs/cmake)
[3.872s] -- Found ament_lint_auto: 0.9.8 (/opt/ros/foxy/install/share/ament_lint_auto/cmake)
[4.221s] -- Added test 'copyright' to check source files copyright and LICENSE
[4.244s] -- Added test 'cppcheck' to perform static code analysis on C / C++ code
[4.245s] -- Configured cppcheck include dirs: /data/robot-radar/ydlidar_ros2_ws/src/ydlidar_ros2_driver/src
[4.246s] -- Configured cppcheck exclude dirs and/or files: 
[4.266s] -- Added test 'cpplint' to check C / C++ code against the Google style
[4.267s] -- Configured cpplint exclude dirs and/or files: 
[4.271s] -- Added test 'flake8' to check Python code syntax and style conventions
[4.277s] -- Added test 'lint_cmake' to check CMake code style
[4.281s] -- Added test 'pep257' to check Python code against some of the style conventions in PEP 257
[4.302s] -- Added test 'uncrustify' to check C / C++ code style
[4.302s] -- Configured uncrustify additional arguments: 
[4.306s] -- Added test 'xmllint' to check XML markup files
[4.313s] -- Configuring done (4.0s)
[4.375s] -- Generating done (0.0s)
[4.382s] -- Build files have been written to: /data/robot-radar/ydlidar_ros2_ws/build/ydlidar_ros2_driver
[4.422s] Invoked command in '/data/robot-radar/ydlidar_ros2_ws/build/ydlidar_ros2_driver' returned '0': /usr/local/bin/cmake /data/robot-radar/ydlidar_ros2_ws/src/ydlidar_ros2_driver -DAMENT_CMAKE_SYMLINK_INSTALL=1 -DCMAKE_INSTALL_PREFIX=/data/robot-radar/ydlidar_ros2_ws/install/ydlidar_ros2_driver
[4.430s] Invoking command in '/data/robot-radar/ydlidar_ros2_ws/build/ydlidar_ros2_driver': /usr/local/bin/cmake --build /data/robot-radar/ydlidar_ros2_ws/build/ydlidar_ros2_driver -- -j4 -l4
[4.589s] [ 50%] [32mBuilding CXX object CMakeFiles/ydlidar_ros2_driver_client.dir/src/ydlidar_ros2_driver_client.cpp.o[0m
[4.590s] [ 50%] [32mBuilding CXX object CMakeFiles/ydlidar_ros2_driver_node.dir/src/ydlidar_ros2_driver_node.cpp.o[0m
[10.809s] [01m[K/data/robot-radar/ydlidar_ros2_ws/src/ydlidar_ros2_driver/src/ydlidar_ros2_driver_node.cpp:[m[K In lambda function:
[10.810s] [01m[K/data/robot-radar/ydlidar_ros2_ws/src/ydlidar_ros2_driver/src/ydlidar_ros2_driver_node.cpp:168:54:[m[K [01;35m[Kwarning: [m[Kunused parameter ‘[01m[Krequest_header[m[K’ [[01;35m[K-Wunused-parameter[m[K]
[10.810s]   168 |     [&laser]([01;35m[Kconst std::shared_ptr<rmw_request_id_t> request_header[m[K,
[10.811s]       |              [01;35m[K~~~~~~~~~~~~~~~~~~~~~~~~~~~~~~~~~~~~~~~~^~~~~~~~~~~~~~[m[K
[10.812s] [01m[K/data/robot-radar/ydlidar_ros2_ws/src/ydlidar_ros2_driver/src/ydlidar_ros2_driver_node.cpp:169:56:[m[K [01;35m[Kwarning: [m[Kunused parameter ‘[01m[Kreq[m[K’ [[01;35m[K-Wunused-parameter[m[K]
[10.813s]   169 |   [01;35m[Kconst std::shared_ptr<std_srvs::srv::Empty::Request> req[m[K,
[10.813s]       |   [01;35m[K~~~~~~~~~~~~~~~~~~~~~~~~~~~~~~~~~~~~~~~~~~~~~~~~~~~~~^~~[m[K
[10.813s] [01m[K/data/robot-radar/ydlidar_ros2_ws/src/ydlidar_ros2_driver/src/ydlidar_ros2_driver_node.cpp:170:51:[m[K [01;35m[Kwarning: [m[Kunused parameter ‘[01m[Kresponse[m[K’ [[01;35m[K-Wunused-parameter[m[K]
[10.814s]   170 |   [01;35m[Kstd::shared_ptr<std_srvs::srv::Empty::Response> response[m[K) -> bool
[10.814s]       |   [01;35m[K~~~~~~~~~~~~~~~~~~~~~~~~~~~~~~~~~~~~~~~~~~~~~~~~^~~~~~~~[m[K
[10.830s] [01m[K/data/robot-radar/ydlidar_ros2_ws/src/ydlidar_ros2_driver/src/ydlidar_ros2_driver_node.cpp:[m[K In lambda function:
[10.830s] [01m[K/data/robot-radar/ydlidar_ros2_ws/src/ydlidar_ros2_driver/src/ydlidar_ros2_driver_node.cpp:178:54:[m[K [01;35m[Kwarning: [m[Kunused parameter ‘[01m[Krequest_header[m[K’ [[01;35m[K-Wunused-parameter[m[K]
[10.831s]   178 |     [&laser]([01;35m[Kconst std::shared_ptr<rmw_request_id_t> request_header[m[K,
[10.831s]       |              [01;35m[K~~~~~~~~~~~~~~~~~~~~~~~~~~~~~~~~~~~~~~~~^~~~~~~~~~~~~~[m[K
[10.831s] [01m[K/data/robot-radar/ydlidar_ros2_ws/src/ydlidar_ros2_driver/src/ydlidar_ros2_driver_node.cpp:179:56:[m[K [01;35m[Kwarning: [m[Kunused parameter ‘[01m[Kreq[m[K’ [[01;35m[K-Wunused-parameter[m[K]
[10.832s]   179 |   [01;35m[Kconst std::shared_ptr<std_srvs::srv::Empty::Request> req[m[K,
[10.832s]       |   [01;35m[K~~~~~~~~~~~~~~~~~~~~~~~~~~~~~~~~~~~~~~~~~~~~~~~~~~~~~^~~[m[K
[10.833s] [01m[K/data/robot-radar/ydlidar_ros2_ws/src/ydlidar_ros2_driver/src/ydlidar_ros2_driver_node.cpp:180:51:[m[K [01;35m[Kwarning: [m[Kunused parameter ‘[01m[Kresponse[m[K’ [[01;35m[K-Wunused-parameter[m[K]
[10.833s]   180 |   [01;35m[Kstd::shared_ptr<std_srvs::srv::Empty::Response> response[m[K) -> bool
[10.834s]       |   [01;35m[K~~~~~~~~~~~~~~~~~~~~~~~~~~~~~~~~~~~~~~~~~~~~~~~~^~~~~~~~[m[K
[19.533s] [ 75%] [32m[1mLinking CXX executable ydlidar_ros2_driver_node[0m
[20.688s] [ 75%] Built target ydlidar_ros2_driver_node
[24.428s] [100%] [32m[1mLinking CXX executable ydlidar_ros2_driver_client[0m
[25.418s] [100%] Built target ydlidar_ros2_driver_client
[25.448s] Invoked command in '/data/robot-radar/ydlidar_ros2_ws/build/ydlidar_ros2_driver' returned '0': /usr/local/bin/cmake --build /data/robot-radar/ydlidar_ros2_ws/build/ydlidar_ros2_driver -- -j4 -l4
[25.735s] Invoking command in '/data/robot-radar/ydlidar_ros2_ws/build/ydlidar_ros2_driver': /usr/local/bin/cmake --install /data/robot-radar/ydlidar_ros2_ws/build/ydlidar_ros2_driver
[25.830s] -- Install configuration: ""
[25.831s] -- Execute custom install script
[25.833s] -- Symlinking: /data/robot-radar/ydlidar_ros2_ws/install/ydlidar_ros2_driver/lib/ydlidar_ros2_driver/ydlidar_ros2_driver_node
[25.841s] -- Symlinking: /data/robot-radar/ydlidar_ros2_ws/install/ydlidar_ros2_driver/lib/ydlidar_ros2_driver/ydlidar_ros2_driver_client
[25.851s] -- Symlinking: /data/robot-radar/ydlidar_ros2_ws/install/ydlidar_ros2_driver/share/ydlidar_ros2_driver/launch/ydlidar.py
[25.859s] -- Symlinking: /data/robot-radar/ydlidar_ros2_ws/install/ydlidar_ros2_driver/share/ydlidar_ros2_driver/launch/ydlidar_launch.py
[25.867s] -- Symlinking: /data/robot-radar/ydlidar_ros2_ws/install/ydlidar_ros2_driver/share/ydlidar_ros2_driver/launch/ydlidar_launch_view.py
[25.876s] -- Symlinking: /data/robot-radar/ydlidar_ros2_ws/install/ydlidar_ros2_driver/share/ydlidar_ros2_driver/params/G1.yaml
[25.885s] -- Symlinking: /data/robot-radar/ydlidar_ros2_ws/install/ydlidar_ros2_driver/share/ydlidar_ros2_driver/params/G2.yaml
[25.893s] -- Symlinking: /data/robot-radar/ydlidar_ros2_ws/install/ydlidar_ros2_driver/share/ydlidar_ros2_driver/params/G6.yaml
[25.901s] -- Symlinking: /data/robot-radar/ydlidar_ros2_ws/install/ydlidar_ros2_driver/share/ydlidar_ros2_driver/params/GS2.yaml
[25.910s] -- Symlinking: /data/robot-radar/ydlidar_ros2_ws/install/ydlidar_ros2_driver/share/ydlidar_ros2_driver/params/TEA.yaml
[25.918s] -- Symlinking: /data/robot-radar/ydlidar_ros2_ws/install/ydlidar_ros2_driver/share/ydlidar_ros2_driver/params/TG.yaml
[25.926s] -- Symlinking: /data/robot-radar/ydlidar_ros2_ws/install/ydlidar_ros2_driver/share/ydlidar_ros2_driver/params/TminiPro.yaml
[25.934s] -- Symlinking: /data/robot-radar/ydlidar_ros2_ws/install/ydlidar_ros2_driver/share/ydlidar_ros2_driver/params/X2.yaml
[25.942s] -- Symlinking: /data/robot-radar/ydlidar_ros2_ws/install/ydlidar_ros2_driver/share/ydlidar_ros2_driver/params/X4-Pro.yaml
[25.951s] -- Symlinking: /data/robot-radar/ydlidar_ros2_ws/install/ydlidar_ros2_driver/share/ydlidar_ros2_driver/params/X4.yaml
[25.959s] -- Symlinking: /data/robot-radar/ydlidar_ros2_ws/install/ydlidar_ros2_driver/share/ydlidar_ros2_driver/params/ydlidar.yaml
[25.968s] -- Symlinking: /data/robot-radar/ydlidar_ros2_ws/install/ydlidar_ros2_driver/share/ydlidar_ros2_driver/startup/initenv.sh
[25.978s] -- Symlinking: /data/robot-radar/ydlidar_ros2_ws/install/ydlidar_ros2_driver/share/ydlidar_ros2_driver/config/ydlidar.rviz
[25.987s] -- Symlinking: /data/robot-radar/ydlidar_ros2_ws/install/ydlidar_ros2_driver/share/ament_index/resource_index/package_run_dependencies/ydlidar_ros2_driver
[25.996s] -- Symlinking: /data/robot-radar/ydlidar_ros2_ws/install/ydlidar_ros2_driver/share/ament_index/resource_index/parent_prefix_path/ydlidar_ros2_driver
[26.005s] -- Symlinking: /data/robot-radar/ydlidar_ros2_ws/install/ydlidar_ros2_driver/share/ydlidar_ros2_driver/environment/ament_prefix_path.sh
[26.014s] -- Symlinking: /data/robot-radar/ydlidar_ros2_ws/install/ydlidar_ros2_driver/share/ydlidar_ros2_driver/environment/ament_prefix_path.dsv
[26.023s] -- Symlinking: /data/robot-radar/ydlidar_ros2_ws/install/ydlidar_ros2_driver/share/ydlidar_ros2_driver/environment/path.sh
[26.031s] -- Symlinking: /data/robot-radar/ydlidar_ros2_ws/install/ydlidar_ros2_driver/share/ydlidar_ros2_driver/environment/path.dsv
[26.040s] -- Symlinking: /data/robot-radar/ydlidar_ros2_ws/install/ydlidar_ros2_driver/share/ydlidar_ros2_driver/local_setup.bash
[26.049s] -- Symlinking: /data/robot-radar/ydlidar_ros2_ws/install/ydlidar_ros2_driver/share/ydlidar_ros2_driver/local_setup.sh
[26.058s] -- Symlinking: /data/robot-radar/ydlidar_ros2_ws/install/ydlidar_ros2_driver/share/ydlidar_ros2_driver/local_setup.zsh
[26.067s] -- Symlinking: /data/robot-radar/ydlidar_ros2_ws/install/ydlidar_ros2_driver/share/ydlidar_ros2_driver/local_setup.dsv
[26.076s] -- Symlinking: /data/robot-radar/ydlidar_ros2_ws/install/ydlidar_ros2_driver/share/ydlidar_ros2_driver/package.dsv
[26.084s] -- Symlinking: /data/robot-radar/ydlidar_ros2_ws/install/ydlidar_ros2_driver/share/ament_index/resource_index/packages/ydlidar_ros2_driver
[26.093s] -- Symlinking: /data/robot-radar/ydlidar_ros2_ws/install/ydlidar_ros2_driver/share/ydlidar_ros2_driver/cmake/ydlidar_ros2_driverConfig.cmake
[26.102s] -- Symlinking: /data/robot-radar/ydlidar_ros2_ws/install/ydlidar_ros2_driver/share/ydlidar_ros2_driver/cmake/ydlidar_ros2_driverConfig-version.cmake
[26.110s] -- Symlinking: /data/robot-radar/ydlidar_ros2_ws/install/ydlidar_ros2_driver/share/ydlidar_ros2_driver/package.xml
[26.137s] Invoked command in '/data/robot-radar/ydlidar_ros2_ws/build/ydlidar_ros2_driver' returned '0': /usr/local/bin/cmake --install /data/robot-radar/ydlidar_ros2_ws/build/ydlidar_ros2_driver
