[8.808s] DEBUG:colcon:Command line arguments: ['/usr/bin/colcon', 'build']
[8.808s] DEBUG:colcon:Parsed command line arguments: Namespace(ament_cmake_args=None, base_paths=['.'], build_base='build', catkin_cmake_args=None, catkin_skip_building_tests=False, cmake_args=None, cmake_clean_cache=False, cmake_clean_first=False, cmake_force_configure=False, cmake_target=None, cmake_target_skip_unavailable=False, continue_on_error=False, event_handlers=None, executor='parallel', ignore_user_meta=False, install_base='install', log_base=None, log_level=None, main=<bound method BuildVerb.main of <colcon_core.verb.build.BuildVerb object at 0x7fb2d143a0>>, merge_install=False, metas=['./colcon.meta'], packages_above=None, packages_above_and_dependencies=None, packages_above_depth=None, packages_end=None, packages_ignore=None, packages_ignore_regex=None, packages_select=None, packages_select_build_failed=False, packages_select_by_dep=None, packages_select_regex=None, packages_select_test_failures=False, packages_skip=None, packages_skip_build_finished=False, packages_skip_by_dep=None, packages_skip_regex=None, packages_skip_test_passed=False, packages_skip_up_to=None, packages_start=None, packages_up_to=None, packages_up_to_regex=None, parallel_workers=4, paths=None, symlink_install=False, test_result_base=None, verb_extension=<colcon_core.verb.build.BuildVerb object at 0x7fb2d143a0>, verb_name='build', verb_parser=<colcon_defaults.argument_parser.defaults.DefaultArgumentsDecorator object at 0x7fb2932ac0>)
[9.194s] Level 1:colcon.colcon_core.package_discovery:discover_packages(colcon_meta) check parameters
[9.195s] Level 1:colcon.colcon_core.package_discovery:discover_packages(recursive) check parameters
[9.195s] Level 1:colcon.colcon_core.package_discovery:discover_packages(ignore) check parameters
[9.195s] Level 1:colcon.colcon_core.package_discovery:discover_packages(path) check parameters
[9.195s] Level 1:colcon.colcon_core.package_discovery:discover_packages(colcon_meta) discover
[9.195s] Level 1:colcon.colcon_core.package_discovery:discover_packages(recursive) discover
[9.195s] INFO:colcon.colcon_core.package_discovery:Crawling recursively for packages in '/data/robot-radar/ydlidar_ros2_ws'
[9.196s] Level 1:colcon.colcon_core.package_identification:_identify(.) by extensions ['ignore', 'ignore_ament_install']
[9.196s] Level 1:colcon.colcon_core.package_identification:_identify(.) by extension 'ignore'
[9.196s] Level 1:colcon.colcon_core.package_identification:_identify(.) by extension 'ignore_ament_install'
[9.197s] Level 1:colcon.colcon_core.package_identification:_identify(.) by extensions ['colcon_pkg']
[9.197s] Level 1:colcon.colcon_core.package_identification:_identify(.) by extension 'colcon_pkg'
[9.197s] Level 1:colcon.colcon_core.package_identification:_identify(.) by extensions ['colcon_meta']
[9.197s] Level 1:colcon.colcon_core.package_identification:_identify(.) by extension 'colcon_meta'
[9.197s] Level 1:colcon.colcon_core.package_identification:_identify(.) by extensions ['ros']
[9.197s] Level 1:colcon.colcon_core.package_identification:_identify(.) by extension 'ros'
[9.257s] Level 1:colcon.colcon_core.package_identification:_identify(.) by extensions ['cmake', 'python']
[9.258s] Level 1:colcon.colcon_core.package_identification:_identify(.) by extension 'cmake'
[9.258s] Level 1:colcon.colcon_core.package_identification:_identify(.) by extension 'python'
[9.258s] Level 1:colcon.colcon_core.package_identification:_identify(.) by extensions ['python_setup_py']
[9.258s] Level 1:colcon.colcon_core.package_identification:_identify(.) by extension 'python_setup_py'
[9.259s] Level 1:colcon.colcon_core.package_identification:_identify(build) by extensions ['ignore', 'ignore_ament_install']
[9.259s] Level 1:colcon.colcon_core.package_identification:_identify(build) by extension 'ignore'
[9.259s] Level 1:colcon.colcon_core.package_identification:_identify(build) ignored
[9.260s] Level 1:colcon.colcon_core.package_identification:_identify(install) by extensions ['ignore', 'ignore_ament_install']
[9.260s] Level 1:colcon.colcon_core.package_identification:_identify(install) by extension 'ignore'
[9.260s] Level 1:colcon.colcon_core.package_identification:_identify(install) ignored
[9.261s] Level 1:colcon.colcon_core.package_identification:_identify(log) by extensions ['ignore', 'ignore_ament_install']
[9.261s] Level 1:colcon.colcon_core.package_identification:_identify(log) by extension 'ignore'
[9.261s] Level 1:colcon.colcon_core.package_identification:_identify(log) ignored
[9.261s] Level 1:colcon.colcon_core.package_identification:_identify(src) by extensions ['ignore', 'ignore_ament_install']
[9.262s] Level 1:colcon.colcon_core.package_identification:_identify(src) by extension 'ignore'
[9.262s] Level 1:colcon.colcon_core.package_identification:_identify(src) by extension 'ignore_ament_install'
[9.262s] Level 1:colcon.colcon_core.package_identification:_identify(src) by extensions ['colcon_pkg']
[9.262s] Level 1:colcon.colcon_core.package_identification:_identify(src) by extension 'colcon_pkg'
[9.263s] Level 1:colcon.colcon_core.package_identification:_identify(src) by extensions ['colcon_meta']
[9.263s] Level 1:colcon.colcon_core.package_identification:_identify(src) by extension 'colcon_meta'
[9.263s] Level 1:colcon.colcon_core.package_identification:_identify(src) by extensions ['ros']
[9.263s] Level 1:colcon.colcon_core.package_identification:_identify(src) by extension 'ros'
[9.263s] Level 1:colcon.colcon_core.package_identification:_identify(src) by extensions ['cmake', 'python']
[9.264s] Level 1:colcon.colcon_core.package_identification:_identify(src) by extension 'cmake'
[9.264s] Level 1:colcon.colcon_core.package_identification:_identify(src) by extension 'python'
[9.264s] Level 1:colcon.colcon_core.package_identification:_identify(src) by extensions ['python_setup_py']
[9.264s] Level 1:colcon.colcon_core.package_identification:_identify(src) by extension 'python_setup_py'
[9.265s] Level 1:colcon.colcon_core.package_identification:_identify(src/ydlidar_ros2_driver) by extensions ['ignore', 'ignore_ament_install']
[9.265s] Level 1:colcon.colcon_core.package_identification:_identify(src/ydlidar_ros2_driver) by extension 'ignore'
[9.265s] Level 1:colcon.colcon_core.package_identification:_identify(src/ydlidar_ros2_driver) by extension 'ignore_ament_install'
[9.265s] Level 1:colcon.colcon_core.package_identification:_identify(src/ydlidar_ros2_driver) by extensions ['colcon_pkg']
[9.265s] Level 1:colcon.colcon_core.package_identification:_identify(src/ydlidar_ros2_driver) by extension 'colcon_pkg'
[9.266s] Level 1:colcon.colcon_core.package_identification:_identify(src/ydlidar_ros2_driver) by extensions ['colcon_meta']
[9.266s] Level 1:colcon.colcon_core.package_identification:_identify(src/ydlidar_ros2_driver) by extension 'colcon_meta'
[9.266s] Level 1:colcon.colcon_core.package_identification:_identify(src/ydlidar_ros2_driver) by extensions ['ros']
[9.266s] Level 1:colcon.colcon_core.package_identification:_identify(src/ydlidar_ros2_driver) by extension 'ros'
[9.276s] DEBUG:colcon.colcon_core.package_identification:Package 'src/ydlidar_ros2_driver' with type 'ros.ament_cmake' and name 'ydlidar_ros2_driver'
[9.276s] Level 1:colcon.colcon_core.package_discovery:discover_packages(recursive) using defaults
[9.277s] Level 1:colcon.colcon_core.package_discovery:discover_packages(ignore) discover
[9.277s] Level 1:colcon.colcon_core.package_discovery:discover_packages(ignore) using defaults
[9.277s] Level 1:colcon.colcon_core.package_discovery:discover_packages(path) discover
[9.277s] Level 1:colcon.colcon_core.package_discovery:discover_packages(path) using defaults
[9.537s] Level 5:colcon.colcon_core.verb:set package 'ydlidar_ros2_driver' build argument 'cmake_args' from command line to 'None'
[9.537s] Level 5:colcon.colcon_core.verb:set package 'ydlidar_ros2_driver' build argument 'cmake_target' from command line to 'None'
[9.538s] Level 5:colcon.colcon_core.verb:set package 'ydlidar_ros2_driver' build argument 'cmake_target_skip_unavailable' from command line to 'False'
[9.538s] Level 5:colcon.colcon_core.verb:set package 'ydlidar_ros2_driver' build argument 'cmake_clean_cache' from command line to 'False'
[9.538s] Level 5:colcon.colcon_core.verb:set package 'ydlidar_ros2_driver' build argument 'cmake_clean_first' from command line to 'False'
[9.538s] Level 5:colcon.colcon_core.verb:set package 'ydlidar_ros2_driver' build argument 'cmake_force_configure' from command line to 'False'
[9.538s] Level 5:colcon.colcon_core.verb:set package 'ydlidar_ros2_driver' build argument 'ament_cmake_args' from command line to 'None'
[9.538s] Level 5:colcon.colcon_core.verb:set package 'ydlidar_ros2_driver' build argument 'catkin_cmake_args' from command line to 'None'
[9.538s] Level 5:colcon.colcon_core.verb:set package 'ydlidar_ros2_driver' build argument 'catkin_skip_building_tests' from command line to 'False'
[9.539s] DEBUG:colcon.colcon_core.verb:Building package 'ydlidar_ros2_driver' with the following arguments: {'ament_cmake_args': None, 'build_base': '/data/robot-radar/ydlidar_ros2_ws/build/ydlidar_ros2_driver', 'catkin_cmake_args': None, 'catkin_skip_building_tests': False, 'cmake_args': None, 'cmake_clean_cache': False, 'cmake_clean_first': False, 'cmake_force_configure': False, 'cmake_target': None, 'cmake_target_skip_unavailable': False, 'install_base': '/data/robot-radar/ydlidar_ros2_ws/install/ydlidar_ros2_driver', 'merge_install': False, 'path': '/data/robot-radar/ydlidar_ros2_ws/src/ydlidar_ros2_driver', 'symlink_install': False, 'test_result_base': None}
[9.584s] INFO:colcon.colcon_core.executor:Executing jobs using 'parallel' executor
[9.631s] DEBUG:colcon.colcon_parallel_executor.executor.parallel:run_until_complete
[9.632s] INFO:colcon.colcon_ros.task.ament_cmake.build:Building ROS package in '/data/robot-radar/ydlidar_ros2_ws/src/ydlidar_ros2_driver' with build type 'ament_cmake'
[9.632s] INFO:colcon.colcon_cmake.task.cmake.build:Building CMake package in '/data/robot-radar/ydlidar_ros2_ws/src/ydlidar_ros2_driver'
[9.685s] INFO:colcon.colcon_core.plugin_system:Skipping extension 'colcon_core.shell.bat': Not used on non-Windows systems
[9.686s] INFO:colcon.colcon_core.shell:Skip shell extension 'powershell' for command environment: Not usable outside of PowerShell
[9.686s] DEBUG:colcon.colcon_core.shell:Skip shell extension 'dsv' for command environment
[9.836s] DEBUG:colcon.colcon_core.event_handler.log_command:Invoking command in '/data/robot-radar/ydlidar_ros2_ws/build/ydlidar_ros2_driver': /usr/local/bin/cmake /data/robot-radar/ydlidar_ros2_ws/src/ydlidar_ros2_driver -DCMAKE_INSTALL_PREFIX=/data/robot-radar/ydlidar_ros2_ws/install/ydlidar_ros2_driver
[13.936s] DEBUG:colcon.colcon_core.event_handler.log_command:Invoked command in '/data/robot-radar/ydlidar_ros2_ws/build/ydlidar_ros2_driver' returned '0': /usr/local/bin/cmake /data/robot-radar/ydlidar_ros2_ws/src/ydlidar_ros2_driver -DCMAKE_INSTALL_PREFIX=/data/robot-radar/ydlidar_ros2_ws/install/ydlidar_ros2_driver
[13.945s] DEBUG:colcon.colcon_core.event_handler.log_command:Invoking command in '/data/robot-radar/ydlidar_ros2_ws/build/ydlidar_ros2_driver': /usr/local/bin/cmake --build /data/robot-radar/ydlidar_ros2_ws/build/ydlidar_ros2_driver -- -j4 -l4
[34.578s] DEBUG:colcon.colcon_core.event_handler.log_command:Invoked command in '/data/robot-radar/ydlidar_ros2_ws/build/ydlidar_ros2_driver' returned '0': /usr/local/bin/cmake --build /data/robot-radar/ydlidar_ros2_ws/build/ydlidar_ros2_driver -- -j4 -l4
[34.860s] DEBUG:colcon.colcon_core.event_handler.log_command:Invoking command in '/data/robot-radar/ydlidar_ros2_ws/build/ydlidar_ros2_driver': /usr/local/bin/cmake --install /data/robot-radar/ydlidar_ros2_ws/build/ydlidar_ros2_driver
[35.025s] Level 1:colcon.colcon_core.environment:create_environment_scripts_only(ydlidar_ros2_driver)
[35.026s] DEBUG:colcon.colcon_core.event_handler.log_command:Invoked command in '/data/robot-radar/ydlidar_ros2_ws/build/ydlidar_ros2_driver' returned '0': /usr/local/bin/cmake --install /data/robot-radar/ydlidar_ros2_ws/build/ydlidar_ros2_driver
[35.086s] Level 1:colcon.colcon_core.environment:checking '/data/robot-radar/ydlidar_ros2_ws/install/ydlidar_ros2_driver' for CMake module files
[35.089s] Level 1:colcon.colcon_core.environment:checking '/data/robot-radar/ydlidar_ros2_ws/install/ydlidar_ros2_driver' for CMake config files
[35.091s] Level 1:colcon.colcon_core.shell:create_environment_hook('ydlidar_ros2_driver', 'cmake_prefix_path')
[35.139s] INFO:colcon.colcon_core.shell:Creating environment hook '/data/robot-radar/ydlidar_ros2_ws/install/ydlidar_ros2_driver/share/ydlidar_ros2_driver/hook/cmake_prefix_path.ps1'
[35.142s] INFO:colcon.colcon_core.shell:Creating environment descriptor '/data/robot-radar/ydlidar_ros2_ws/install/ydlidar_ros2_driver/share/ydlidar_ros2_driver/hook/cmake_prefix_path.dsv'
[35.145s] INFO:colcon.colcon_core.shell:Creating environment hook '/data/robot-radar/ydlidar_ros2_ws/install/ydlidar_ros2_driver/share/ydlidar_ros2_driver/hook/cmake_prefix_path.sh'
[35.152s] Level 1:colcon.colcon_core.environment:checking '/data/robot-radar/ydlidar_ros2_ws/install/ydlidar_ros2_driver/lib'
[35.153s] Level 1:colcon.colcon_core.environment:checking '/data/robot-radar/ydlidar_ros2_ws/install/ydlidar_ros2_driver/bin'
[35.153s] Level 1:colcon.colcon_core.environment:checking '/data/robot-radar/ydlidar_ros2_ws/install/ydlidar_ros2_driver/lib/pkgconfig/ydlidar_ros2_driver.pc'
[35.157s] Level 1:colcon.colcon_core.environment:checking '/data/robot-radar/ydlidar_ros2_ws/install/ydlidar_ros2_driver/lib/python3.8/site-packages'
[35.158s] Level 1:colcon.colcon_core.environment:checking '/data/robot-radar/ydlidar_ros2_ws/install/ydlidar_ros2_driver/bin'
[35.204s] INFO:colcon.colcon_core.shell:Creating package script '/data/robot-radar/ydlidar_ros2_ws/install/ydlidar_ros2_driver/share/ydlidar_ros2_driver/package.ps1'
[35.209s] INFO:colcon.colcon_core.shell:Creating package descriptor '/data/robot-radar/ydlidar_ros2_ws/install/ydlidar_ros2_driver/share/ydlidar_ros2_driver/package.dsv'
[35.212s] INFO:colcon.colcon_core.shell:Creating package script '/data/robot-radar/ydlidar_ros2_ws/install/ydlidar_ros2_driver/share/ydlidar_ros2_driver/package.sh'
[35.215s] INFO:colcon.colcon_core.shell:Creating package script '/data/robot-radar/ydlidar_ros2_ws/install/ydlidar_ros2_driver/share/ydlidar_ros2_driver/package.bash'
[35.219s] INFO:colcon.colcon_core.shell:Creating package script '/data/robot-radar/ydlidar_ros2_ws/install/ydlidar_ros2_driver/share/ydlidar_ros2_driver/package.zsh'
[35.222s] Level 1:colcon.colcon_core.environment:create_file_with_runtime_dependencies(/data/robot-radar/ydlidar_ros2_ws/install/ydlidar_ros2_driver/share/colcon-core/packages/ydlidar_ros2_driver)
[35.428s] Level 1:colcon.colcon_core.environment:create_environment_scripts_only(ydlidar_ros2_driver)
[35.474s] Level 1:colcon.colcon_core.environment:checking '/data/robot-radar/ydlidar_ros2_ws/install/ydlidar_ros2_driver' for CMake module files
[35.476s] Level 1:colcon.colcon_core.environment:checking '/data/robot-radar/ydlidar_ros2_ws/install/ydlidar_ros2_driver' for CMake config files
[35.478s] Level 1:colcon.colcon_core.shell:create_environment_hook('ydlidar_ros2_driver', 'cmake_prefix_path')
[35.524s] INFO:colcon.colcon_core.shell:Creating environment hook '/data/robot-radar/ydlidar_ros2_ws/install/ydlidar_ros2_driver/share/ydlidar_ros2_driver/hook/cmake_prefix_path.ps1'
[35.527s] INFO:colcon.colcon_core.shell:Creating environment descriptor '/data/robot-radar/ydlidar_ros2_ws/install/ydlidar_ros2_driver/share/ydlidar_ros2_driver/hook/cmake_prefix_path.dsv'
[35.528s] INFO:colcon.colcon_core.shell:Creating environment hook '/data/robot-radar/ydlidar_ros2_ws/install/ydlidar_ros2_driver/share/ydlidar_ros2_driver/hook/cmake_prefix_path.sh'
[35.530s] Level 1:colcon.colcon_core.environment:checking '/data/robot-radar/ydlidar_ros2_ws/install/ydlidar_ros2_driver/lib'
[35.531s] Level 1:colcon.colcon_core.environment:checking '/data/robot-radar/ydlidar_ros2_ws/install/ydlidar_ros2_driver/bin'
[35.531s] Level 1:colcon.colcon_core.environment:checking '/data/robot-radar/ydlidar_ros2_ws/install/ydlidar_ros2_driver/lib/pkgconfig/ydlidar_ros2_driver.pc'
[35.532s] Level 1:colcon.colcon_core.environment:checking '/data/robot-radar/ydlidar_ros2_ws/install/ydlidar_ros2_driver/lib/python3.8/site-packages'
[35.533s] Level 1:colcon.colcon_core.environment:checking '/data/robot-radar/ydlidar_ros2_ws/install/ydlidar_ros2_driver/bin'
[35.578s] INFO:colcon.colcon_core.shell:Creating package script '/data/robot-radar/ydlidar_ros2_ws/install/ydlidar_ros2_driver/share/ydlidar_ros2_driver/package.ps1'
[35.581s] INFO:colcon.colcon_core.shell:Creating package descriptor '/data/robot-radar/ydlidar_ros2_ws/install/ydlidar_ros2_driver/share/ydlidar_ros2_driver/package.dsv'
[35.582s] INFO:colcon.colcon_core.shell:Creating package script '/data/robot-radar/ydlidar_ros2_ws/install/ydlidar_ros2_driver/share/ydlidar_ros2_driver/package.sh'
[35.584s] INFO:colcon.colcon_core.shell:Creating package script '/data/robot-radar/ydlidar_ros2_ws/install/ydlidar_ros2_driver/share/ydlidar_ros2_driver/package.bash'
[35.585s] INFO:colcon.colcon_core.shell:Creating package script '/data/robot-radar/ydlidar_ros2_ws/install/ydlidar_ros2_driver/share/ydlidar_ros2_driver/package.zsh'
[35.587s] Level 1:colcon.colcon_core.environment:create_file_with_runtime_dependencies(/data/robot-radar/ydlidar_ros2_ws/install/ydlidar_ros2_driver/share/colcon-core/packages/ydlidar_ros2_driver)
[35.588s] DEBUG:colcon.colcon_parallel_executor.executor.parallel:closing loop
[35.589s] DEBUG:colcon.colcon_parallel_executor.executor.parallel:loop closed
[35.589s] DEBUG:colcon.colcon_parallel_executor.executor.parallel:run_until_complete finished with '0'
[35.590s] DEBUG:colcon.colcon_core.event_reactor:joining thread
[35.665s] INFO:colcon.colcon_core.plugin_system:Skipping extension 'colcon_notification.desktop_notification.notify_send': Could not find 'notify-send'
[35.665s] INFO:colcon.colcon_core.plugin_system:Skipping extension 'colcon_notification.desktop_notification.terminal_notifier': Not used on non-Darwin systems
[35.666s] INFO:colcon.colcon_core.plugin_system:Skipping extension 'colcon_notification.desktop_notification.win32': Not used on non-Windows systems
[35.666s] INFO:colcon.colcon_notification.desktop_notification:Sending desktop notification using 'notify2'
[35.857s] DEBUG:colcon.colcon_notification.desktop_notification.notify2:Failed to initialize notify2: org.freedesktop.DBus.Error.Spawn.ExecFailed: /usr/bin/dbus-launch terminated abnormally with the following error: MoTTY X11 proxy: Unsupported authorisation protocol
Autolaunch error: X11 initialization failed.

[35.858s] DEBUG:colcon.colcon_core.event_reactor:joined thread
[35.907s] INFO:colcon.colcon_core.shell:Creating prefix script '/data/robot-radar/ydlidar_ros2_ws/install/local_setup.ps1'
[35.913s] INFO:colcon.colcon_core.shell:Creating prefix util module '/data/robot-radar/ydlidar_ros2_ws/install/_local_setup_util_ps1.py'
[35.920s] INFO:colcon.colcon_core.shell:Creating prefix chain script '/data/robot-radar/ydlidar_ros2_ws/install/setup.ps1'
[35.970s] INFO:colcon.colcon_core.shell:Creating prefix script '/data/robot-radar/ydlidar_ros2_ws/install/local_setup.sh'
[35.972s] INFO:colcon.colcon_core.shell:Creating prefix util module '/data/robot-radar/ydlidar_ros2_ws/install/_local_setup_util_sh.py'
[35.974s] INFO:colcon.colcon_core.shell:Creating prefix chain script '/data/robot-radar/ydlidar_ros2_ws/install/setup.sh'
[36.024s] INFO:colcon.colcon_core.shell:Creating prefix script '/data/robot-radar/ydlidar_ros2_ws/install/local_setup.bash'
[36.031s] INFO:colcon.colcon_core.shell:Creating prefix chain script '/data/robot-radar/ydlidar_ros2_ws/install/setup.bash'
[36.080s] INFO:colcon.colcon_core.shell:Creating prefix script '/data/robot-radar/ydlidar_ros2_ws/install/local_setup.zsh'
[36.083s] INFO:colcon.colcon_core.shell:Creating prefix chain script '/data/robot-radar/ydlidar_ros2_ws/install/setup.zsh'
