[0.202s] Invoking command in '/data/robot-radar/ydlidar_ros2_ws/build/ydlidar_ros2_driver': /usr/local/bin/cmake /data/robot-radar/ydlidar_ros2_ws/src/ydlidar_ros2_driver -DCMAKE_INSTALL_PREFIX=/data/robot-radar/ydlidar_ros2_ws/install/ydlidar_ros2_driver
[0.332s] -- Found ament_cmake: 0.9.12 (/opt/ros/foxy/install/share/ament_cmake/cmake)
[0.339s] [33mCMake Warning (dev) at /opt/ros/foxy/install/share/ament_cmake_core/cmake/core/python.cmake:22 (find_package):
[0.339s]   Policy CMP0148 is not set: The FindPythonInterp and FindPythonLibs modules
[0.340s]   are removed.  Run "cmake --help-policy CMP0148" for policy details.  Use
[0.340s]   the cmake_policy command to set the policy and suppress this warning.
[0.340s] 
[0.341s] Call Stack (most recent call first):
[0.341s]   /opt/ros/foxy/install/share/ament_cmake_core/cmake/core/all.cmake:53 (include)
[0.341s]   /opt/ros/foxy/install/share/ament_cmake_core/cmake/ament_cmake_core-extras.cmake:17 (include)
[0.342s]   /opt/ros/foxy/install/share/ament_cmake_core/cmake/ament_cmake_coreConfig.cmake:41 (include)
[0.342s]   /opt/ros/foxy/install/share/ament_cmake/cmake/ament_cmake_export_dependencies-extras.cmake:15 (find_package)
[0.342s]   /opt/ros/foxy/install/share/ament_cmake/cmake/ament_cmakeConfig.cmake:41 (include)
[0.343s]   CMakeLists.txt:15 (find_package)
[0.343s] This warning is for project developers.  Use -Wno-dev to suppress it.
[0.343s] [0m
[0.418s] -- Using PYTHON_EXECUTABLE: /usr/bin/python3
[1.084s] -- Override CMake install command with custom implementation using symlinks instead of copying resources
[1.115s] -- Found rclcpp: 2.4.3 (/opt/ros/foxy/install/share/rclcpp/cmake)
[1.277s] -- Using all available rosidl_typesupport_c: rosidl_typesupport_fastrtps_c;rosidl_typesupport_introspection_c
[1.294s] -- Found rosidl_adapter: 1.3.1 (/opt/ros/foxy/install/share/rosidl_adapter/cmake)
[2.066s] -- Using all available rosidl_typesupport_cpp: rosidl_typesupport_fastrtps_cpp;rosidl_typesupport_introspection_cpp
[2.299s] -- Found rmw_implementation_cmake: 1.0.4 (/opt/ros/foxy/install/share/rmw_implementation_cmake/cmake)
[2.304s] -- Using RMW implementation 'rmw_cyclonedds_cpp' as default
[2.969s] -- Found sensor_msgs: 2.0.5 (/opt/ros/foxy/install/share/sensor_msgs/cmake)
[3.498s] -- Found visualization_msgs: 2.0.5 (/opt/ros/foxy/install/share/visualization_msgs/cmake)
[3.823s] -- Found std_srvs: 2.0.5 (/opt/ros/foxy/install/share/std_srvs/cmake)
[3.883s] -- Found ament_lint_auto: 0.9.8 (/opt/ros/foxy/install/share/ament_lint_auto/cmake)
[4.146s] -- Added test 'copyright' to check source files copyright and LICENSE
[4.156s] -- Added test 'cppcheck' to perform static code analysis on C / C++ code
[4.158s] -- Configured cppcheck include dirs: /data/robot-radar/ydlidar_ros2_ws/src/ydlidar_ros2_driver/src
[4.158s] -- Configured cppcheck exclude dirs and/or files: 
[4.167s] -- Added test 'cpplint' to check C / C++ code against the Google style
[4.167s] -- Configured cpplint exclude dirs and/or files: 
[4.169s] -- Added test 'flake8' to check Python code syntax and style conventions
[4.180s] -- Added test 'lint_cmake' to check CMake code style
[4.181s] -- Added test 'pep257' to check Python code against some of the style conventions in PEP 257
[4.183s] -- Added test 'uncrustify' to check C / C++ code style
[4.184s] -- Configured uncrustify additional arguments: 
[4.186s] -- Added test 'xmllint' to check XML markup files
[4.190s] -- Configuring done (3.9s)
[4.255s] -- Generating done (0.0s)
[4.263s] -- Build files have been written to: /data/robot-radar/ydlidar_ros2_ws/build/ydlidar_ros2_driver
[4.301s] Invoked command in '/data/robot-radar/ydlidar_ros2_ws/build/ydlidar_ros2_driver' returned '0': /usr/local/bin/cmake /data/robot-radar/ydlidar_ros2_ws/src/ydlidar_ros2_driver -DCMAKE_INSTALL_PREFIX=/data/robot-radar/ydlidar_ros2_ws/install/ydlidar_ros2_driver
[4.310s] Invoking command in '/data/robot-radar/ydlidar_ros2_ws/build/ydlidar_ros2_driver': /usr/local/bin/cmake --build /data/robot-radar/ydlidar_ros2_ws/build/ydlidar_ros2_driver -- -j4 -l4
[4.499s] [ 25%] [32mBuilding CXX object CMakeFiles/ydlidar_ros2_driver_client.dir/src/ydlidar_ros2_driver_client.cpp.o[0m
[4.500s] [ 50%] [32mBuilding CXX object CMakeFiles/ydlidar_ros2_driver_node.dir/src/ydlidar_ros2_driver_node.cpp.o[0m
[10.354s] [01m[K/data/robot-radar/ydlidar_ros2_ws/src/ydlidar_ros2_driver/src/ydlidar_ros2_driver_node.cpp:[m[K In lambda function:
[10.355s] [01m[K/data/robot-radar/ydlidar_ros2_ws/src/ydlidar_ros2_driver/src/ydlidar_ros2_driver_node.cpp:168:54:[m[K [01;35m[Kwarning: [m[Kunused parameter ‘[01m[Krequest_header[m[K’ [[01;35m[K-Wunused-parameter[m[K]
[10.355s]   168 |     [&laser]([01;35m[Kconst std::shared_ptr<rmw_request_id_t> request_header[m[K,
[10.356s]       |              [01;35m[K~~~~~~~~~~~~~~~~~~~~~~~~~~~~~~~~~~~~~~~~^~~~~~~~~~~~~~[m[K
[10.356s] [01m[K/data/robot-radar/ydlidar_ros2_ws/src/ydlidar_ros2_driver/src/ydlidar_ros2_driver_node.cpp:169:56:[m[K [01;35m[Kwarning: [m[Kunused parameter ‘[01m[Kreq[m[K’ [[01;35m[K-Wunused-parameter[m[K]
[10.357s]   169 |   [01;35m[Kconst std::shared_ptr<std_srvs::srv::Empty::Request> req[m[K,
[10.357s]       |   [01;35m[K~~~~~~~~~~~~~~~~~~~~~~~~~~~~~~~~~~~~~~~~~~~~~~~~~~~~~^~~[m[K
[10.357s] [01m[K/data/robot-radar/ydlidar_ros2_ws/src/ydlidar_ros2_driver/src/ydlidar_ros2_driver_node.cpp:170:51:[m[K [01;35m[Kwarning: [m[Kunused parameter ‘[01m[Kresponse[m[K’ [[01;35m[K-Wunused-parameter[m[K]
[10.358s]   170 |   [01;35m[Kstd::shared_ptr<std_srvs::srv::Empty::Response> response[m[K) -> bool
[10.358s]       |   [01;35m[K~~~~~~~~~~~~~~~~~~~~~~~~~~~~~~~~~~~~~~~~~~~~~~~~^~~~~~~~[m[K
[10.375s] [01m[K/data/robot-radar/ydlidar_ros2_ws/src/ydlidar_ros2_driver/src/ydlidar_ros2_driver_node.cpp:[m[K In lambda function:
[10.375s] [01m[K/data/robot-radar/ydlidar_ros2_ws/src/ydlidar_ros2_driver/src/ydlidar_ros2_driver_node.cpp:178:54:[m[K [01;35m[Kwarning: [m[Kunused parameter ‘[01m[Krequest_header[m[K’ [[01;35m[K-Wunused-parameter[m[K]
[10.376s]   178 |     [&laser]([01;35m[Kconst std::shared_ptr<rmw_request_id_t> request_header[m[K,
[10.376s]       |              [01;35m[K~~~~~~~~~~~~~~~~~~~~~~~~~~~~~~~~~~~~~~~~^~~~~~~~~~~~~~[m[K
[10.376s] [01m[K/data/robot-radar/ydlidar_ros2_ws/src/ydlidar_ros2_driver/src/ydlidar_ros2_driver_node.cpp:179:56:[m[K [01;35m[Kwarning: [m[Kunused parameter ‘[01m[Kreq[m[K’ [[01;35m[K-Wunused-parameter[m[K]
[10.377s]   179 |   [01;35m[Kconst std::shared_ptr<std_srvs::srv::Empty::Request> req[m[K,
[10.377s]       |   [01;35m[K~~~~~~~~~~~~~~~~~~~~~~~~~~~~~~~~~~~~~~~~~~~~~~~~~~~~~^~~[m[K
[10.378s] [01m[K/data/robot-radar/ydlidar_ros2_ws/src/ydlidar_ros2_driver/src/ydlidar_ros2_driver_node.cpp:180:51:[m[K [01;35m[Kwarning: [m[Kunused parameter ‘[01m[Kresponse[m[K’ [[01;35m[K-Wunused-parameter[m[K]
[10.378s]   180 |   [01;35m[Kstd::shared_ptr<std_srvs::srv::Empty::Response> response[m[K) -> bool
[10.378s]       |   [01;35m[K~~~~~~~~~~~~~~~~~~~~~~~~~~~~~~~~~~~~~~~~~~~~~~~~^~~~~~~~[m[K
[19.106s] [ 75%] [32m[1mLinking CXX executable ydlidar_ros2_driver_node[0m
[20.048s] [ 75%] Built target ydlidar_ros2_driver_node
[23.921s] [100%] [32m[1mLinking CXX executable ydlidar_ros2_driver_client[0m
[24.916s] [100%] Built target ydlidar_ros2_driver_client
[24.943s] Invoked command in '/data/robot-radar/ydlidar_ros2_ws/build/ydlidar_ros2_driver' returned '0': /usr/local/bin/cmake --build /data/robot-radar/ydlidar_ros2_ws/build/ydlidar_ros2_driver -- -j4 -l4
[25.226s] Invoking command in '/data/robot-radar/ydlidar_ros2_ws/build/ydlidar_ros2_driver': /usr/local/bin/cmake --install /data/robot-radar/ydlidar_ros2_ws/build/ydlidar_ros2_driver
[25.323s] -- Install configuration: ""
[25.325s] -- Execute custom install script
[25.327s] -- Up-to-date symlink: /data/robot-radar/ydlidar_ros2_ws/install/ydlidar_ros2_driver/lib/ydlidar_ros2_driver/ydlidar_ros2_driver_node
[25.328s] -- Up-to-date symlink: /data/robot-radar/ydlidar_ros2_ws/install/ydlidar_ros2_driver/lib/ydlidar_ros2_driver/ydlidar_ros2_driver_client
[25.330s] -- Up-to-date symlink: /data/robot-radar/ydlidar_ros2_ws/install/ydlidar_ros2_driver/share/ydlidar_ros2_driver/launch/ydlidar.py
[25.331s] -- Up-to-date symlink: /data/robot-radar/ydlidar_ros2_ws/install/ydlidar_ros2_driver/share/ydlidar_ros2_driver/launch/ydlidar_launch.py
[25.332s] -- Up-to-date symlink: /data/robot-radar/ydlidar_ros2_ws/install/ydlidar_ros2_driver/share/ydlidar_ros2_driver/launch/ydlidar_launch_view.py
[25.334s] -- Up-to-date symlink: /data/robot-radar/ydlidar_ros2_ws/install/ydlidar_ros2_driver/share/ydlidar_ros2_driver/params/G1.yaml
[25.335s] -- Up-to-date symlink: /data/robot-radar/ydlidar_ros2_ws/install/ydlidar_ros2_driver/share/ydlidar_ros2_driver/params/G2.yaml
[25.335s] -- Up-to-date symlink: /data/robot-radar/ydlidar_ros2_ws/install/ydlidar_ros2_driver/share/ydlidar_ros2_driver/params/G6.yaml
[25.336s] -- Up-to-date symlink: /data/robot-radar/ydlidar_ros2_ws/install/ydlidar_ros2_driver/share/ydlidar_ros2_driver/params/GS2.yaml
[25.337s] -- Up-to-date symlink: /data/robot-radar/ydlidar_ros2_ws/install/ydlidar_ros2_driver/share/ydlidar_ros2_driver/params/TEA.yaml
[25.338s] -- Up-to-date symlink: /data/robot-radar/ydlidar_ros2_ws/install/ydlidar_ros2_driver/share/ydlidar_ros2_driver/params/TG.yaml
[25.339s] -- Up-to-date symlink: /data/robot-radar/ydlidar_ros2_ws/install/ydlidar_ros2_driver/share/ydlidar_ros2_driver/params/TminiPro.yaml
[25.340s] -- Up-to-date symlink: /data/robot-radar/ydlidar_ros2_ws/install/ydlidar_ros2_driver/share/ydlidar_ros2_driver/params/X2.yaml
[25.341s] -- Up-to-date symlink: /data/robot-radar/ydlidar_ros2_ws/install/ydlidar_ros2_driver/share/ydlidar_ros2_driver/params/X4-Pro.yaml
[25.341s] -- Up-to-date symlink: /data/robot-radar/ydlidar_ros2_ws/install/ydlidar_ros2_driver/share/ydlidar_ros2_driver/params/X4.yaml
[25.342s] -- Up-to-date symlink: /data/robot-radar/ydlidar_ros2_ws/install/ydlidar_ros2_driver/share/ydlidar_ros2_driver/params/ydlidar.yaml
[25.344s] -- Up-to-date symlink: /data/robot-radar/ydlidar_ros2_ws/install/ydlidar_ros2_driver/share/ydlidar_ros2_driver/startup/initenv.sh
[25.345s] -- Up-to-date symlink: /data/robot-radar/ydlidar_ros2_ws/install/ydlidar_ros2_driver/share/ydlidar_ros2_driver/config/ydlidar.rviz
[25.346s] -- Up-to-date symlink: /data/robot-radar/ydlidar_ros2_ws/install/ydlidar_ros2_driver/share/ament_index/resource_index/package_run_dependencies/ydlidar_ros2_driver
[25.348s] -- Up-to-date symlink: /data/robot-radar/ydlidar_ros2_ws/install/ydlidar_ros2_driver/share/ament_index/resource_index/parent_prefix_path/ydlidar_ros2_driver
[25.349s] -- Up-to-date symlink: /data/robot-radar/ydlidar_ros2_ws/install/ydlidar_ros2_driver/share/ydlidar_ros2_driver/environment/ament_prefix_path.sh
[25.350s] -- Up-to-date symlink: /data/robot-radar/ydlidar_ros2_ws/install/ydlidar_ros2_driver/share/ydlidar_ros2_driver/environment/ament_prefix_path.dsv
[25.351s] -- Up-to-date symlink: /data/robot-radar/ydlidar_ros2_ws/install/ydlidar_ros2_driver/share/ydlidar_ros2_driver/environment/path.sh
[25.352s] -- Up-to-date symlink: /data/robot-radar/ydlidar_ros2_ws/install/ydlidar_ros2_driver/share/ydlidar_ros2_driver/environment/path.dsv
[25.353s] -- Up-to-date symlink: /data/robot-radar/ydlidar_ros2_ws/install/ydlidar_ros2_driver/share/ydlidar_ros2_driver/local_setup.bash
[25.354s] -- Up-to-date symlink: /data/robot-radar/ydlidar_ros2_ws/install/ydlidar_ros2_driver/share/ydlidar_ros2_driver/local_setup.sh
[25.355s] -- Up-to-date symlink: /data/robot-radar/ydlidar_ros2_ws/install/ydlidar_ros2_driver/share/ydlidar_ros2_driver/local_setup.zsh
[25.356s] -- Up-to-date symlink: /data/robot-radar/ydlidar_ros2_ws/install/ydlidar_ros2_driver/share/ydlidar_ros2_driver/local_setup.dsv
[25.357s] -- Symlinking: /data/robot-radar/ydlidar_ros2_ws/install/ydlidar_ros2_driver/share/ydlidar_ros2_driver/package.dsv
[25.367s] -- Up-to-date symlink: /data/robot-radar/ydlidar_ros2_ws/install/ydlidar_ros2_driver/share/ament_index/resource_index/packages/ydlidar_ros2_driver
[25.369s] -- Up-to-date symlink: /data/robot-radar/ydlidar_ros2_ws/install/ydlidar_ros2_driver/share/ydlidar_ros2_driver/cmake/ydlidar_ros2_driverConfig.cmake
[25.369s] -- Up-to-date symlink: /data/robot-radar/ydlidar_ros2_ws/install/ydlidar_ros2_driver/share/ydlidar_ros2_driver/cmake/ydlidar_ros2_driverConfig-version.cmake
[25.371s] -- Up-to-date symlink: /data/robot-radar/ydlidar_ros2_ws/install/ydlidar_ros2_driver/share/ydlidar_ros2_driver/package.xml
[25.392s] Invoked command in '/data/robot-radar/ydlidar_ros2_ws/build/ydlidar_ros2_driver' returned '0': /usr/local/bin/cmake --install /data/robot-radar/ydlidar_ros2_ws/build/ydlidar_ros2_driver
